<?xml version="1.0" encoding="UTF-8"?>
<coverage generated="1638433869555" clover="3.2.0">
  <project timestamp="1638433869555" name="All files">
    <metrics statements="282" coveredstatements="266" conditionals="81" coveredconditionals="75" methods="47" coveredmethods="45" elements="410" coveredelements="386" complexity="0" loc="282" ncloc="282" packages="1" files="1" classes="1"/>
    <file name="table.js" path="/Users/chloegonzales/rcv/rcv-entry/data-table/table.js">
      <metrics statements="282" coveredstatements="266" conditionals="81" coveredconditionals="75" methods="47" coveredmethods="45"/>
      <line num="9" count="1" type="stmt"/>
      <line num="29" count="62" type="cond" truecount="2" falsecount="0"/>
      <line num="30" count="62" type="cond" truecount="2" falsecount="0"/>
      <line num="31" count="62" type="cond" truecount="1" falsecount="1"/>
      <line num="32" count="62" type="cond" truecount="1" falsecount="1"/>
      <line num="36" count="62" type="stmt"/>
      <line num="37" count="62" type="stmt"/>
      <line num="38" count="62" type="stmt"/>
      <line num="39" count="62" type="cond" truecount="2" falsecount="0"/>
      <line num="40" count="62" type="cond" truecount="2" falsecount="0"/>
      <line num="49" count="62" type="stmt"/>
      <line num="56" count="62" type="stmt"/>
      <line num="68" count="62" type="stmt"/>
      <line num="79" count="62" type="stmt"/>
      <line num="80" count="62" type="stmt"/>
      <line num="95" count="62" type="stmt"/>
      <line num="97" count="62" type="stmt"/>
      <line num="99" count="56" type="stmt"/>
      <line num="109" count="62" type="cond" truecount="2" falsecount="0"/>
      <line num="110" count="1" type="stmt"/>
      <line num="113" count="61" type="cond" truecount="4" falsecount="0"/>
      <line num="114" count="2" type="stmt"/>
      <line num="117" count="59" type="cond" truecount="2" falsecount="0"/>
      <line num="118" count="1" type="stmt"/>
      <line num="121" count="58" type="cond" truecount="2" falsecount="0"/>
      <line num="122" count="1" type="stmt"/>
      <line num="128" count="57" type="stmt"/>
      <line num="130" count="57" type="stmt"/>
      <line num="131" count="108" type="cond" truecount="2" falsecount="0"/>
      <line num="132" count="1" type="stmt"/>
      <line num="143" count="56" type="stmt"/>
      <line num="144" count="56" type="stmt"/>
      <line num="145" count="56" type="stmt"/>
      <line num="147" count="56" type="stmt"/>
      <line num="148" count="56" type="stmt"/>
      <line num="149" count="56" type="stmt"/>
      <line num="151" count="56" type="stmt"/>
      <line num="152" count="55" type="stmt"/>
      <line num="161" count="55" type="stmt"/>
      <line num="162" count="55" type="stmt"/>
      <line num="163" count="55" type="stmt"/>
      <line num="165" count="55" type="stmt"/>
      <line num="166" count="55" type="stmt"/>
      <line num="168" count="55" type="stmt"/>
      <line num="169" count="55" type="stmt"/>
      <line num="171" count="55" type="stmt"/>
      <line num="172" count="55" type="stmt"/>
      <line num="173" count="55" type="stmt"/>
      <line num="174" count="55" type="stmt"/>
      <line num="175" count="55" type="stmt"/>
      <line num="177" count="55" type="stmt"/>
      <line num="179" count="55" type="stmt"/>
      <line num="180" count="153" type="stmt"/>
      <line num="186" count="55" type="stmt"/>
      <line num="188" count="55" type="stmt"/>
      <line num="190" count="208" type="stmt"/>
      <line num="191" count="208" type="stmt"/>
      <line num="192" count="208" type="stmt"/>
      <line num="194" count="208" type="stmt"/>
      <line num="197" count="55" type="stmt"/>
      <line num="198" count="55" type="stmt"/>
      <line num="202" count="210" type="cond" truecount="2" falsecount="0"/>
      <line num="203" count="55" type="stmt"/>
      <line num="205" count="155" type="cond" truecount="2" falsecount="0"/>
      <line num="206" count="142" type="stmt"/>
      <line num="207" count="142" type="stmt"/>
      <line num="211" count="13" type="stmt"/>
      <line num="212" count="13" type="stmt"/>
      <line num="213" count="13" type="stmt"/>
      <line num="214" count="13" type="stmt"/>
      <line num="215" count="13" type="stmt"/>
      <line num="219" count="155" type="cond" truecount="2" falsecount="0"/>
      <line num="220" count="33" type="stmt"/>
      <line num="221" count="33" type="stmt"/>
      <line num="225" count="122" type="stmt"/>
      <line num="226" count="122" type="stmt"/>
      <line num="227" count="122" type="stmt"/>
      <line num="228" count="122" type="stmt"/>
      <line num="229" count="122" type="stmt"/>
      <line num="238" count="220" type="stmt"/>
      <line num="239" count="220" type="stmt"/>
      <line num="240" count="220" type="stmt"/>
      <line num="241" count="220" type="stmt"/>
      <line num="242" count="220" type="stmt"/>
      <line num="253" count="2" type="stmt"/>
      <line num="254" count="2" type="stmt"/>
      <line num="255" count="2" type="stmt"/>
      <line num="257" count="2" type="stmt"/>
      <line num="258" count="2" type="stmt"/>
      <line num="259" count="2" type="stmt"/>
      <line num="261" count="2" type="stmt"/>
      <line num="263" count="2" type="stmt"/>
      <line num="264" count="6" type="stmt"/>
      <line num="268" count="2" type="stmt"/>
      <line num="280" count="4" type="cond" truecount="2" falsecount="0"/>
      <line num="281" count="1" type="stmt"/>
      <line num="284" count="3" type="stmt"/>
      <line num="285" count="3" type="stmt"/>
      <line num="286" count="3" type="stmt"/>
      <line num="287" count="12" type="stmt"/>
      <line num="289" count="3" type="stmt"/>
      <line num="301" count="155" type="stmt"/>
      <line num="302" count="155" type="stmt"/>
      <line num="304" count="155" type="stmt"/>
      <line num="306" count="608" type="cond" truecount="2" falsecount="0"/>
      <line num="307" count="155" type="stmt"/>
      <line num="309" count="453" type="stmt"/>
      <line num="313" count="155" type="stmt"/>
      <line num="318" count="155" type="stmt"/>
      <line num="319" count="155" type="stmt"/>
      <line num="320" count="155" type="stmt"/>
      <line num="321" count="155" type="stmt"/>
      <line num="333" count="459" type="stmt"/>
      <line num="334" count="459" type="stmt"/>
      <line num="335" count="459" type="stmt"/>
      <line num="337" count="459" type="stmt"/>
      <line num="339" count="905" type="stmt"/>
      <line num="341" count="905" type="stmt"/>
      <line num="343" count="905" type="stmt"/>
      <line num="344" count="905" type="stmt"/>
      <line num="345" count="905" type="stmt"/>
      <line num="347" count="905" type="stmt"/>
      <line num="348" count="905" type="stmt"/>
      <line num="349" count="905" type="cond" truecount="4" falsecount="0"/>
      <line num="350" count="451" type="stmt"/>
      <line num="351" count="451" type="stmt"/>
      <line num="352" count="451" type="stmt"/>
      <line num="353" count="451" type="stmt"/>
      <line num="354" count="451" type="stmt"/>
      <line num="355" count="451" type="stmt"/>
      <line num="356" count="454" type="cond" truecount="2" falsecount="0"/>
      <line num="357" count="18" type="stmt"/>
      <line num="358" count="18" type="stmt"/>
      <line num="359" count="18" type="stmt"/>
      <line num="360" count="18" type="stmt"/>
      <line num="361" count="18" type="stmt"/>
      <line num="362" count="18" type="stmt"/>
      <line num="363" count="436" type="cond" truecount="1" falsecount="1"/>
      <line num="364" count="436" type="stmt"/>
      <line num="365" count="436" type="stmt"/>
      <line num="366" count="436" type="stmt"/>
      <line num="367" count="436" type="stmt"/>
      <line num="368" count="872" type="stmt"/>
      <line num="369" count="872" type="stmt"/>
      <line num="370" count="872" type="stmt"/>
      <line num="372" count="436" type="stmt"/>
      <line num="373" count="436" type="stmt"/>
      <line num="378" count="0" type="stmt"/>
      <line num="379" count="0" type="stmt"/>
      <line num="382" count="905" type="stmt"/>
      <line num="384" count="905" type="cond" truecount="2" falsecount="0"/>
      <line num="385" count="6" type="stmt"/>
      <line num="386" count="8" type="stmt"/>
      <line num="387" count="8" type="stmt"/>
      <line num="388" count="8" type="stmt"/>
      <line num="392" count="905" type="stmt"/>
      <line num="393" count="905" type="stmt"/>
      <line num="404" count="905" type="cond" truecount="2" falsecount="0"/>
      <line num="420" count="8" type="stmt"/>
      <line num="421" count="8" type="stmt"/>
      <line num="422" count="8" type="stmt"/>
      <line num="434" count="16" type="stmt"/>
      <line num="436" count="16" type="cond" truecount="4" falsecount="0"/>
      <line num="441" count="10" type="stmt"/>
      <line num="444" count="10" type="stmt"/>
      <line num="447" count="10" type="cond" truecount="2" falsecount="0"/>
      <line num="448" count="9" type="stmt"/>
      <line num="449" count="9" type="stmt"/>
      <line num="450" count="9" type="stmt"/>
      <line num="451" count="9" type="stmt"/>
      <line num="455" count="10" type="stmt"/>
      <line num="456" count="6" type="cond" truecount="2" falsecount="0"/>
      <line num="458" count="3" type="stmt"/>
      <line num="459" count="3" type="stmt"/>
      <line num="491" count="4" type="cond" truecount="2" falsecount="0"/>
      <line num="492" count="1" type="stmt"/>
      <line num="495" count="3" type="stmt"/>
      <line num="496" count="3" type="stmt"/>
      <line num="507" count="845" type="stmt"/>
      <line num="519" count="909" type="stmt"/>
      <line num="528" count="55" type="stmt"/>
      <line num="530" count="55" type="stmt"/>
      <line num="539" count="55" type="stmt"/>
      <line num="540" count="55" type="stmt"/>
      <line num="552" count="110" type="stmt"/>
      <line num="555" count="110" type="stmt"/>
      <line num="557" count="110" type="stmt"/>
      <line num="558" count="4" type="stmt"/>
      <line num="560" count="110" type="stmt"/>
      <line num="570" count="55" type="stmt"/>
      <line num="576" count="55" type="stmt"/>
      <line num="586" count="55" type="stmt"/>
      <line num="603" count="55" type="stmt"/>
      <line num="605" count="55" type="stmt"/>
      <line num="615" count="55" type="stmt"/>
      <line num="621" count="55" type="stmt"/>
      <line num="631" count="110" type="stmt"/>
      <line num="633" count="110" type="stmt"/>
      <line num="634" count="8" type="stmt"/>
      <line num="636" count="110" type="stmt"/>
      <line num="646" count="55" type="stmt"/>
      <line num="660" count="55" type="stmt"/>
      <line num="661" count="55" type="stmt"/>
      <line num="662" count="55" type="stmt"/>
      <line num="663" count="55" type="stmt"/>
      <line num="664" count="55" type="stmt"/>
      <line num="667" count="1" type="stmt"/>
      <line num="669" count="55" type="stmt"/>
      <line num="680" count="17" type="cond" truecount="4" falsecount="0"/>
      <line num="681" count="2" type="stmt"/>
      <line num="683" count="15" type="cond" truecount="4" falsecount="0"/>
      <line num="684" count="2" type="stmt"/>
      <line num="686" count="13" type="stmt"/>
      <line num="695" count="0" type="stmt"/>
      <line num="696" count="0" type="stmt"/>
      <line num="697" count="0" type="stmt"/>
      <line num="698" count="0" type="stmt"/>
      <line num="700" count="0" type="stmt"/>
      <line num="710" count="0" type="stmt"/>
      <line num="711" count="0" type="stmt"/>
      <line num="712" count="0" type="stmt"/>
      <line num="714" count="0" type="stmt"/>
      <line num="725" count="16" type="stmt"/>
      <line num="726" count="16" type="stmt"/>
      <line num="731" count="13" type="stmt"/>
      <line num="732" count="13" type="stmt"/>
      <line num="738" count="20" type="stmt"/>
      <line num="739" count="20" type="stmt"/>
      <line num="741" count="20" type="stmt"/>
      <line num="742" count="20" type="stmt"/>
      <line num="743" count="20" type="cond" truecount="3" falsecount="2"/>
      <line num="745" count="15" type="stmt"/>
      <line num="746" count="15" type="stmt"/>
      <line num="748" count="1" type="stmt"/>
      <line num="749" count="1" type="stmt"/>
      <line num="752" count="4" type="stmt"/>
      <line num="753" count="4" type="stmt"/>
      <line num="755" count="0" type="stmt"/>
      <line num="758" count="20" type="cond" truecount="2" falsecount="0"/>
      <line num="760" count="1" type="stmt"/>
      <line num="763" count="20" type="stmt"/>
      <line num="765" count="13" type="stmt"/>
      <line num="778" count="62" type="stmt"/>
      <line num="780" count="56" type="stmt"/>
      <line num="782" count="55" type="stmt"/>
      <line num="787" count="55" type="stmt"/>
      <line num="789" count="55" type="stmt"/>
      <line num="800" count="8" type="stmt"/>
      <line num="801" count="8" type="stmt"/>
      <line num="815" count="4" type="stmt"/>
      <line num="816" count="4" type="stmt"/>
      <line num="828" count="4" type="stmt"/>
      <line num="829" count="4" type="stmt"/>
      <line num="841" count="3" type="stmt"/>
      <line num="842" count="3" type="stmt"/>
      <line num="845" count="3" type="stmt"/>
      <line num="857" count="1" type="stmt"/>
      <line num="858" count="1" type="stmt"/>
      <line num="867" count="15" type="stmt"/>
      <line num="868" count="15" type="stmt"/>
      <line num="877" count="15" type="stmt"/>
      <line num="878" count="15" type="stmt"/>
      <line num="887" count="1" type="stmt"/>
      <line num="888" count="1" type="stmt"/>
      <line num="890" count="1" type="stmt"/>
      <line num="891" count="1" type="stmt"/>
      <line num="892" count="1" type="stmt"/>
      <line num="894" count="1" type="stmt"/>
      <line num="899" count="0" type="stmt"/>
      <line num="900" count="0" type="stmt"/>
      <line num="901" count="0" type="stmt"/>
      <line num="907" count="0" type="stmt"/>
      <line num="957" count="1" type="cond" truecount="1" falsecount="1"/>
      <line num="958" count="1" type="stmt"/>
      <line num="959" count="1" type="stmt"/>
      <line num="960" count="1" type="stmt"/>
      <line num="961" count="1" type="stmt"/>
      <line num="962" count="1" type="stmt"/>
      <line num="963" count="1" type="stmt"/>
      <line num="964" count="1" type="stmt"/>
      <line num="965" count="1" type="stmt"/>
      <line num="966" count="1" type="stmt"/>
    </file>
  </project>
</coverage>
