<?xml version="1.0" encoding="UTF-8"?>
<coverage generated="1638399793494" clover="3.2.0">
  <project timestamp="1638399793495" name="All files">
    <metrics statements="282" coveredstatements="261" conditionals="81" coveredconditionals="74" methods="47" coveredmethods="43" elements="410" coveredelements="378" complexity="0" loc="282" ncloc="282" packages="1" files="1" classes="1"/>
    <file name="table.js" path="/Users/chloegonzales/rcv/rcv-entry/data-table/table.js">
      <metrics statements="282" coveredstatements="261" conditionals="81" coveredconditionals="74" methods="47" coveredmethods="43"/>
      <line num="9" count="1" type="stmt"/>
      <line num="29" count="60" type="cond" truecount="2" falsecount="0"/>
      <line num="30" count="60" type="cond" truecount="2" falsecount="0"/>
      <line num="31" count="60" type="cond" truecount="1" falsecount="1"/>
      <line num="32" count="60" type="cond" truecount="1" falsecount="1"/>
      <line num="36" count="60" type="stmt"/>
      <line num="37" count="60" type="stmt"/>
      <line num="38" count="60" type="stmt"/>
      <line num="39" count="60" type="cond" truecount="2" falsecount="0"/>
      <line num="40" count="60" type="cond" truecount="2" falsecount="0"/>
      <line num="49" count="60" type="stmt"/>
      <line num="56" count="60" type="stmt"/>
      <line num="68" count="60" type="stmt"/>
      <line num="79" count="60" type="stmt"/>
      <line num="80" count="60" type="stmt"/>
      <line num="95" count="60" type="stmt"/>
      <line num="97" count="60" type="stmt"/>
      <line num="99" count="54" type="stmt"/>
      <line num="109" count="60" type="cond" truecount="2" falsecount="0"/>
      <line num="110" count="1" type="stmt"/>
      <line num="113" count="59" type="cond" truecount="4" falsecount="0"/>
      <line num="114" count="2" type="stmt"/>
      <line num="117" count="57" type="cond" truecount="2" falsecount="0"/>
      <line num="118" count="1" type="stmt"/>
      <line num="121" count="56" type="cond" truecount="2" falsecount="0"/>
      <line num="122" count="1" type="stmt"/>
      <line num="128" count="55" type="stmt"/>
      <line num="130" count="55" type="stmt"/>
      <line num="131" count="104" type="cond" truecount="2" falsecount="0"/>
      <line num="132" count="1" type="stmt"/>
      <line num="143" count="54" type="stmt"/>
      <line num="144" count="54" type="stmt"/>
      <line num="145" count="54" type="stmt"/>
      <line num="147" count="54" type="stmt"/>
      <line num="148" count="54" type="stmt"/>
      <line num="149" count="54" type="stmt"/>
      <line num="151" count="54" type="stmt"/>
      <line num="152" count="53" type="stmt"/>
      <line num="161" count="53" type="stmt"/>
      <line num="162" count="53" type="stmt"/>
      <line num="163" count="53" type="stmt"/>
      <line num="165" count="53" type="stmt"/>
      <line num="166" count="53" type="stmt"/>
      <line num="168" count="53" type="stmt"/>
      <line num="169" count="53" type="stmt"/>
      <line num="171" count="53" type="stmt"/>
      <line num="172" count="53" type="stmt"/>
      <line num="173" count="53" type="stmt"/>
      <line num="174" count="53" type="stmt"/>
      <line num="175" count="53" type="stmt"/>
      <line num="177" count="53" type="stmt"/>
      <line num="179" count="53" type="stmt"/>
      <line num="180" count="147" type="stmt"/>
      <line num="186" count="53" type="stmt"/>
      <line num="188" count="53" type="stmt"/>
      <line num="190" count="200" type="stmt"/>
      <line num="191" count="200" type="stmt"/>
      <line num="192" count="200" type="stmt"/>
      <line num="194" count="200" type="stmt"/>
      <line num="197" count="53" type="stmt"/>
      <line num="198" count="53" type="stmt"/>
      <line num="202" count="202" type="cond" truecount="2" falsecount="0"/>
      <line num="203" count="53" type="stmt"/>
      <line num="205" count="149" type="cond" truecount="2" falsecount="0"/>
      <line num="206" count="136" type="stmt"/>
      <line num="207" count="136" type="stmt"/>
      <line num="211" count="13" type="stmt"/>
      <line num="212" count="13" type="stmt"/>
      <line num="213" count="13" type="stmt"/>
      <line num="214" count="13" type="stmt"/>
      <line num="215" count="13" type="stmt"/>
      <line num="219" count="149" type="cond" truecount="2" falsecount="0"/>
      <line num="220" count="33" type="stmt"/>
      <line num="221" count="33" type="stmt"/>
      <line num="225" count="116" type="stmt"/>
      <line num="226" count="116" type="stmt"/>
      <line num="227" count="116" type="stmt"/>
      <line num="228" count="116" type="stmt"/>
      <line num="229" count="116" type="stmt"/>
      <line num="238" count="212" type="stmt"/>
      <line num="239" count="212" type="stmt"/>
      <line num="240" count="212" type="stmt"/>
      <line num="241" count="212" type="stmt"/>
      <line num="242" count="212" type="stmt"/>
      <line num="253" count="2" type="stmt"/>
      <line num="254" count="2" type="stmt"/>
      <line num="255" count="2" type="stmt"/>
      <line num="257" count="2" type="stmt"/>
      <line num="258" count="2" type="stmt"/>
      <line num="259" count="2" type="stmt"/>
      <line num="261" count="2" type="stmt"/>
      <line num="263" count="2" type="stmt"/>
      <line num="264" count="6" type="stmt"/>
      <line num="268" count="2" type="stmt"/>
      <line num="280" count="4" type="cond" truecount="2" falsecount="0"/>
      <line num="281" count="1" type="stmt"/>
      <line num="284" count="3" type="stmt"/>
      <line num="285" count="3" type="stmt"/>
      <line num="286" count="3" type="stmt"/>
      <line num="287" count="12" type="stmt"/>
      <line num="289" count="3" type="stmt"/>
      <line num="301" count="149" type="stmt"/>
      <line num="302" count="149" type="stmt"/>
      <line num="304" count="149" type="stmt"/>
      <line num="306" count="584" type="cond" truecount="2" falsecount="0"/>
      <line num="307" count="149" type="stmt"/>
      <line num="309" count="435" type="stmt"/>
      <line num="313" count="149" type="stmt"/>
      <line num="318" count="149" type="stmt"/>
      <line num="319" count="149" type="stmt"/>
      <line num="320" count="149" type="stmt"/>
      <line num="321" count="149" type="stmt"/>
      <line num="333" count="441" type="stmt"/>
      <line num="334" count="441" type="stmt"/>
      <line num="335" count="441" type="stmt"/>
      <line num="337" count="441" type="stmt"/>
      <line num="338" count="869" type="stmt"/>
      <line num="339" count="869" type="stmt"/>
      <line num="341" count="869" type="stmt"/>
      <line num="342" count="869" type="stmt"/>
      <line num="343" count="869" type="stmt"/>
      <line num="345" count="869" type="stmt"/>
      <line num="346" count="869" type="stmt"/>
      <line num="347" count="869" type="cond" truecount="4" falsecount="0"/>
      <line num="348" count="433" type="stmt"/>
      <line num="349" count="433" type="stmt"/>
      <line num="350" count="433" type="stmt"/>
      <line num="351" count="433" type="stmt"/>
      <line num="352" count="433" type="stmt"/>
      <line num="353" count="433" type="stmt"/>
      <line num="354" count="436" type="cond" truecount="2" falsecount="0"/>
      <line num="355" count="9" type="stmt"/>
      <line num="356" count="9" type="stmt"/>
      <line num="357" count="9" type="stmt"/>
      <line num="358" count="9" type="stmt"/>
      <line num="359" count="9" type="stmt"/>
      <line num="360" count="9" type="stmt"/>
      <line num="361" count="427" type="cond" truecount="1" falsecount="1"/>
      <line num="362" count="427" type="stmt"/>
      <line num="363" count="427" type="stmt"/>
      <line num="364" count="427" type="stmt"/>
      <line num="365" count="427" type="stmt"/>
      <line num="366" count="854" type="stmt"/>
      <line num="367" count="854" type="stmt"/>
      <line num="368" count="854" type="stmt"/>
      <line num="370" count="427" type="stmt"/>
      <line num="371" count="427" type="stmt"/>
      <line num="376" count="0" type="stmt"/>
      <line num="379" count="869" type="stmt"/>
      <line num="381" count="869" type="cond" truecount="2" falsecount="0"/>
      <line num="382" count="6" type="stmt"/>
      <line num="383" count="8" type="stmt"/>
      <line num="384" count="8" type="stmt"/>
      <line num="385" count="8" type="stmt"/>
      <line num="389" count="869" type="stmt"/>
      <line num="390" count="869" type="stmt"/>
      <line num="401" count="869" type="cond" truecount="2" falsecount="0"/>
      <line num="417" count="8" type="stmt"/>
      <line num="418" count="8" type="stmt"/>
      <line num="419" count="8" type="stmt"/>
      <line num="431" count="16" type="stmt"/>
      <line num="433" count="16" type="cond" truecount="4" falsecount="0"/>
      <line num="438" count="10" type="stmt"/>
      <line num="441" count="10" type="stmt"/>
      <line num="444" count="10" type="cond" truecount="2" falsecount="0"/>
      <line num="445" count="9" type="stmt"/>
      <line num="446" count="9" type="stmt"/>
      <line num="447" count="9" type="stmt"/>
      <line num="448" count="9" type="stmt"/>
      <line num="452" count="10" type="stmt"/>
      <line num="453" count="6" type="cond" truecount="2" falsecount="0"/>
      <line num="455" count="3" type="stmt"/>
      <line num="456" count="3" type="stmt"/>
      <line num="488" count="4" type="cond" truecount="2" falsecount="0"/>
      <line num="489" count="1" type="stmt"/>
      <line num="492" count="3" type="stmt"/>
      <line num="493" count="3" type="stmt"/>
      <line num="504" count="812" type="stmt"/>
      <line num="516" count="873" type="stmt"/>
      <line num="525" count="53" type="stmt"/>
      <line num="527" count="53" type="stmt"/>
      <line num="536" count="53" type="stmt"/>
      <line num="537" count="53" type="stmt"/>
      <line num="549" count="106" type="stmt"/>
      <line num="552" count="106" type="stmt"/>
      <line num="554" count="106" type="stmt"/>
      <line num="555" count="4" type="stmt"/>
      <line num="557" count="106" type="stmt"/>
      <line num="567" count="53" type="stmt"/>
      <line num="573" count="53" type="stmt"/>
      <line num="583" count="53" type="stmt"/>
      <line num="600" count="53" type="stmt"/>
      <line num="602" count="53" type="stmt"/>
      <line num="612" count="53" type="stmt"/>
      <line num="618" count="53" type="stmt"/>
      <line num="628" count="106" type="stmt"/>
      <line num="630" count="106" type="stmt"/>
      <line num="631" count="8" type="stmt"/>
      <line num="633" count="106" type="stmt"/>
      <line num="643" count="53" type="stmt"/>
      <line num="657" count="53" type="stmt"/>
      <line num="659" count="53" type="stmt"/>
      <line num="660" count="53" type="stmt"/>
      <line num="661" count="53" type="stmt"/>
      <line num="663" count="53" type="stmt"/>
      <line num="665" count="0" type="stmt"/>
      <line num="667" count="53" type="stmt"/>
      <line num="678" count="15" type="stmt"/>
      <line num="679" count="15" type="stmt"/>
      <line num="680" count="15" type="stmt"/>
      <line num="681" count="15" type="cond" truecount="4" falsecount="0"/>
      <line num="682" count="2" type="stmt"/>
      <line num="684" count="13" type="stmt"/>
      <line num="685" count="13" type="cond" truecount="4" falsecount="0"/>
      <line num="686" count="1" type="stmt"/>
      <line num="688" count="12" type="stmt"/>
      <line num="697" count="0" type="stmt"/>
      <line num="699" count="0" type="stmt"/>
      <line num="700" count="0" type="stmt"/>
      <line num="702" count="0" type="stmt"/>
      <line num="712" count="0" type="stmt"/>
      <line num="714" count="0" type="stmt"/>
      <line num="715" count="0" type="stmt"/>
      <line num="717" count="0" type="stmt"/>
      <line num="728" count="15" type="stmt"/>
      <line num="729" count="15" type="stmt"/>
      <line num="734" count="12" type="stmt"/>
      <line num="735" count="12" type="stmt"/>
      <line num="741" count="18" type="stmt"/>
      <line num="742" count="18" type="stmt"/>
      <line num="744" count="18" type="stmt"/>
      <line num="745" count="18" type="stmt"/>
      <line num="746" count="18" type="cond" truecount="2" falsecount="3"/>
      <line num="748" count="14" type="stmt"/>
      <line num="749" count="14" type="stmt"/>
      <line num="751" count="0" type="stmt"/>
      <line num="752" count="0" type="stmt"/>
      <line num="755" count="4" type="stmt"/>
      <line num="756" count="4" type="stmt"/>
      <line num="758" count="0" type="stmt"/>
      <line num="761" count="18" type="cond" truecount="2" falsecount="0"/>
      <line num="763" count="1" type="stmt"/>
      <line num="766" count="18" type="stmt"/>
      <line num="768" count="12" type="stmt"/>
      <line num="781" count="60" type="stmt"/>
      <line num="783" count="54" type="stmt"/>
      <line num="785" count="53" type="stmt"/>
      <line num="790" count="53" type="stmt"/>
      <line num="792" count="53" type="stmt"/>
      <line num="803" count="7" type="stmt"/>
      <line num="804" count="7" type="stmt"/>
      <line num="818" count="4" type="stmt"/>
      <line num="819" count="4" type="stmt"/>
      <line num="831" count="4" type="stmt"/>
      <line num="832" count="4" type="stmt"/>
      <line num="844" count="3" type="stmt"/>
      <line num="845" count="3" type="stmt"/>
      <line num="848" count="3" type="stmt"/>
      <line num="860" count="1" type="stmt"/>
      <line num="861" count="1" type="stmt"/>
      <line num="870" count="15" type="stmt"/>
      <line num="871" count="15" type="stmt"/>
      <line num="880" count="15" type="stmt"/>
      <line num="881" count="15" type="stmt"/>
      <line num="890" count="0" type="stmt"/>
      <line num="891" count="0" type="stmt"/>
      <line num="892" count="0" type="stmt"/>
      <line num="893" count="0" type="stmt"/>
      <line num="896" count="0" type="stmt"/>
      <line num="897" count="0" type="stmt"/>
      <line num="898" count="0" type="stmt"/>
      <line num="904" count="0" type="stmt"/>
      <line num="954" count="1" type="cond" truecount="1" falsecount="1"/>
      <line num="955" count="1" type="stmt"/>
      <line num="956" count="1" type="stmt"/>
      <line num="957" count="1" type="stmt"/>
      <line num="958" count="1" type="stmt"/>
      <line num="959" count="1" type="stmt"/>
      <line num="960" count="1" type="stmt"/>
      <line num="961" count="1" type="stmt"/>
      <line num="962" count="1" type="stmt"/>
      <line num="963" count="1" type="stmt"/>
    </file>
  </project>
</coverage>
