{"/Users/chloegonzales/rcv/rcv-entry/data-table/table.js": {"path":"/Users/chloegonzales/rcv/rcv-entry/data-table/table.js","statementMap":{"0":{"start":{"line":9,"column":17},"end":{"line":9,"column":19}},"1":{"start":{"line":29,"column":8},"end":{"line":29,"column":92}},"2":{"start":{"line":30,"column":8},"end":{"line":30,"column":101}},"3":{"start":{"line":31,"column":8},"end":{"line":31,"column":92}},"4":{"start":{"line":32,"column":8},"end":{"line":32,"column":104}},"5":{"start":{"line":36,"column":8},"end":{"line":36,"column":50}},"6":{"start":{"line":37,"column":8},"end":{"line":37,"column":56}},"7":{"start":{"line":38,"column":8},"end":{"line":38,"column":54}},"8":{"start":{"line":39,"column":8},"end":{"line":39,"column":115}},"9":{"start":{"line":40,"column":8},"end":{"line":40,"column":125}},"10":{"start":{"line":49,"column":8},"end":{"line":54,"column":9}},"11":{"start":{"line":56,"column":8},"end":{"line":60,"column":9}},"12":{"start":{"line":68,"column":8},"end":{"line":73,"column":9}},"13":{"start":{"line":79,"column":8},"end":{"line":79,"column":29}},"14":{"start":{"line":80,"column":8},"end":{"line":80,"column":32}},"15":{"start":{"line":95,"column":17},"end":{"line":95,"column":41}},"16":{"start":{"line":97,"column":4},"end":{"line":97,"column":27}},"17":{"start":{"line":99,"column":4},"end":{"line":99,"column":51}},"18":{"start":{"line":109,"column":4},"end":{"line":111,"column":5}},"19":{"start":{"line":110,"column":8},"end":{"line":110,"column":65}},"20":{"start":{"line":113,"column":4},"end":{"line":115,"column":5}},"21":{"start":{"line":114,"column":8},"end":{"line":114,"column":80}},"22":{"start":{"line":117,"column":4},"end":{"line":119,"column":5}},"23":{"start":{"line":118,"column":8},"end":{"line":118,"column":73}},"24":{"start":{"line":121,"column":4},"end":{"line":123,"column":5}},"25":{"start":{"line":122,"column":8},"end":{"line":122,"column":80}},"26":{"start":{"line":128,"column":23},"end":{"line":128,"column":47}},"27":{"start":{"line":130,"column":4},"end":{"line":134,"column":5}},"28":{"start":{"line":131,"column":8},"end":{"line":133,"column":9}},"29":{"start":{"line":132,"column":12},"end":{"line":132,"column":110}},"30":{"start":{"line":143,"column":22},"end":{"line":143,"column":51}},"31":{"start":{"line":144,"column":4},"end":{"line":144,"column":51}},"32":{"start":{"line":145,"column":4},"end":{"line":145,"column":47}},"33":{"start":{"line":147,"column":19},"end":{"line":147,"column":48}},"34":{"start":{"line":148,"column":4},"end":{"line":148,"column":45}},"35":{"start":{"line":149,"column":4},"end":{"line":149,"column":48}},"36":{"start":{"line":151,"column":4},"end":{"line":151,"column":74}},"37":{"start":{"line":152,"column":4},"end":{"line":152,"column":71}},"38":{"start":{"line":161,"column":16},"end":{"line":161,"column":47}},"39":{"start":{"line":162,"column":4},"end":{"line":162,"column":46}},"40":{"start":{"line":163,"column":4},"end":{"line":163,"column":42}},"41":{"start":{"line":165,"column":16},"end":{"line":165,"column":47}},"42":{"start":{"line":166,"column":4},"end":{"line":166,"column":46}},"43":{"start":{"line":168,"column":16},"end":{"line":168,"column":47}},"44":{"start":{"line":169,"column":4},"end":{"line":169,"column":46}},"45":{"start":{"line":171,"column":4},"end":{"line":171,"column":29}},"46":{"start":{"line":172,"column":4},"end":{"line":172,"column":29}},"47":{"start":{"line":173,"column":19},"end":{"line":173,"column":70}},"48":{"start":{"line":174,"column":4},"end":{"line":174,"column":32}},"49":{"start":{"line":175,"column":4},"end":{"line":175,"column":70}},"50":{"start":{"line":177,"column":4},"end":{"line":177,"column":31}},"51":{"start":{"line":179,"column":4},"end":{"line":181,"column":5}},"52":{"start":{"line":179,"column":19},"end":{"line":179,"column":20}},"53":{"start":{"line":180,"column":8},"end":{"line":180,"column":29}},"54":{"start":{"line":186,"column":14},"end":{"line":186,"column":82}},"55":{"start":{"line":188,"column":4},"end":{"line":195,"column":5}},"56":{"start":{"line":188,"column":24},"end":{"line":188,"column":25}},"57":{"start":{"line":190,"column":19},"end":{"line":190,"column":43}},"58":{"start":{"line":191,"column":8},"end":{"line":191,"column":81}},"59":{"start":{"line":192,"column":8},"end":{"line":192,"column":38}},"60":{"start":{"line":194,"column":8},"end":{"line":194,"column":67}},"61":{"start":{"line":197,"column":4},"end":{"line":197,"column":57}},"62":{"start":{"line":198,"column":4},"end":{"line":198,"column":27}},"63":{"start":{"line":202,"column":4},"end":{"line":204,"column":5}},"64":{"start":{"line":203,"column":8},"end":{"line":203,"column":62}},"65":{"start":{"line":205,"column":4},"end":{"line":208,"column":5}},"66":{"start":{"line":206,"column":23},"end":{"line":206,"column":58}},"67":{"start":{"line":207,"column":8},"end":{"line":207,"column":49}},"68":{"start":{"line":211,"column":16},"end":{"line":211,"column":47}},"69":{"start":{"line":212,"column":4},"end":{"line":212,"column":24}},"70":{"start":{"line":213,"column":4},"end":{"line":213,"column":43}},"71":{"start":{"line":214,"column":4},"end":{"line":214,"column":48}},"72":{"start":{"line":215,"column":4},"end":{"line":215,"column":17}},"73":{"start":{"line":219,"column":4},"end":{"line":222,"column":5}},"74":{"start":{"line":220,"column":23},"end":{"line":220,"column":55}},"75":{"start":{"line":221,"column":8},"end":{"line":221,"column":49}},"76":{"start":{"line":225,"column":16},"end":{"line":225,"column":47}},"77":{"start":{"line":226,"column":4},"end":{"line":226,"column":24}},"78":{"start":{"line":227,"column":4},"end":{"line":227,"column":40}},"79":{"start":{"line":228,"column":4},"end":{"line":228,"column":48}},"80":{"start":{"line":229,"column":4},"end":{"line":229,"column":17}},"81":{"start":{"line":238,"column":17},"end":{"line":238,"column":49}},"82":{"start":{"line":239,"column":4},"end":{"line":239,"column":27}},"83":{"start":{"line":240,"column":4},"end":{"line":240,"column":49}},"84":{"start":{"line":241,"column":4},"end":{"line":241,"column":28}},"85":{"start":{"line":242,"column":4},"end":{"line":242,"column":18}},"86":{"start":{"line":253,"column":16},"end":{"line":253,"column":71}},"87":{"start":{"line":254,"column":18},"end":{"line":254,"column":36}},"88":{"start":{"line":255,"column":18},"end":{"line":255,"column":39}},"89":{"start":{"line":257,"column":15},"end":{"line":257,"column":48}},"90":{"start":{"line":258,"column":4},"end":{"line":258,"column":77}},"91":{"start":{"line":259,"column":4},"end":{"line":259,"column":34}},"92":{"start":{"line":261,"column":4},"end":{"line":261,"column":62}},"93":{"start":{"line":263,"column":4},"end":{"line":266,"column":5}},"94":{"start":{"line":263,"column":23},"end":{"line":263,"column":24}},"95":{"start":{"line":264,"column":8},"end":{"line":264,"column":73}},"96":{"start":{"line":268,"column":4},"end":{"line":268,"column":31}},"97":{"start":{"line":280,"column":4},"end":{"line":282,"column":5}},"98":{"start":{"line":281,"column":8},"end":{"line":281,"column":15}},"99":{"start":{"line":284,"column":16},"end":{"line":284,"column":71}},"100":{"start":{"line":285,"column":18},"end":{"line":285,"column":36}},"101":{"start":{"line":286,"column":4},"end":{"line":288,"column":5}},"102":{"start":{"line":286,"column":17},"end":{"line":286,"column":18}},"103":{"start":{"line":287,"column":8},"end":{"line":287,"column":37}},"104":{"start":{"line":289,"column":4},"end":{"line":289,"column":31}},"105":{"start":{"line":301,"column":19},"end":{"line":301,"column":37}},"106":{"start":{"line":302,"column":14},"end":{"line":302,"column":93}},"107":{"start":{"line":304,"column":4},"end":{"line":311,"column":5}},"108":{"start":{"line":304,"column":24},"end":{"line":304,"column":25}},"109":{"start":{"line":306,"column":8},"end":{"line":310,"column":9}},"110":{"start":{"line":307,"column":12},"end":{"line":307,"column":60}},"111":{"start":{"line":309,"column":12},"end":{"line":309,"column":60}},"112":{"start":{"line":313,"column":4},"end":{"line":313,"column":28}},"113":{"start":{"line":318,"column":15},"end":{"line":318,"column":39}},"114":{"start":{"line":319,"column":4},"end":{"line":319,"column":73}},"115":{"start":{"line":320,"column":4},"end":{"line":320,"column":34}},"116":{"start":{"line":321,"column":4},"end":{"line":321,"column":60}},"117":{"start":{"line":333,"column":15},"end":{"line":333,"column":39}},"118":{"start":{"line":334,"column":4},"end":{"line":334,"column":73}},"119":{"start":{"line":335,"column":4},"end":{"line":335,"column":34}},"120":{"start":{"line":337,"column":4},"end":{"line":391,"column":5}},"121":{"start":{"line":337,"column":24},"end":{"line":337,"column":25}},"122":{"start":{"line":338,"column":19},"end":{"line":338,"column":53}},"123":{"start":{"line":339,"column":24},"end":{"line":339,"column":58}},"124":{"start":{"line":341,"column":20},"end":{"line":341,"column":51}},"125":{"start":{"line":342,"column":8},"end":{"line":342,"column":43}},"126":{"start":{"line":343,"column":8},"end":{"line":343,"column":45}},"127":{"start":{"line":345,"column":20},"end":{"line":345,"column":24}},"128":{"start":{"line":346,"column":23},"end":{"line":346,"column":27}},"129":{"start":{"line":347,"column":8},"end":{"line":377,"column":9}},"130":{"start":{"line":348,"column":24},"end":{"line":348,"column":55}},"131":{"start":{"line":349,"column":12},"end":{"line":349,"column":32}},"132":{"start":{"line":350,"column":12},"end":{"line":350,"column":68}},"133":{"start":{"line":351,"column":12},"end":{"line":351,"column":49}},"134":{"start":{"line":352,"column":12},"end":{"line":352,"column":26}},"135":{"start":{"line":353,"column":12},"end":{"line":353,"column":34}},"136":{"start":{"line":354,"column":15},"end":{"line":377,"column":9}},"137":{"start":{"line":355,"column":24},"end":{"line":355,"column":55}},"138":{"start":{"line":356,"column":12},"end":{"line":356,"column":36}},"139":{"start":{"line":357,"column":12},"end":{"line":357,"column":52}},"140":{"start":{"line":358,"column":12},"end":{"line":358,"column":71}},"141":{"start":{"line":359,"column":12},"end":{"line":359,"column":26}},"142":{"start":{"line":360,"column":12},"end":{"line":360,"column":32}},"143":{"start":{"line":361,"column":15},"end":{"line":377,"column":9}},"144":{"start":{"line":362,"column":25},"end":{"line":362,"column":57}},"145":{"start":{"line":363,"column":12},"end":{"line":363,"column":37}},"146":{"start":{"line":364,"column":12},"end":{"line":364,"column":53}},"147":{"start":{"line":365,"column":12},"end":{"line":369,"column":13}},"148":{"start":{"line":365,"column":25},"end":{"line":365,"column":26}},"149":{"start":{"line":366,"column":29},"end":{"line":366,"column":61}},"150":{"start":{"line":367,"column":16},"end":{"line":367,"column":74}},"151":{"start":{"line":368,"column":16},"end":{"line":368,"column":43}},"152":{"start":{"line":370,"column":12},"end":{"line":370,"column":27}},"153":{"start":{"line":371,"column":12},"end":{"line":371,"column":32}},"154":{"start":{"line":376,"column":12},"end":{"line":376,"column":63}},"155":{"start":{"line":379,"column":8},"end":{"line":379,"column":92}},"156":{"start":{"line":381,"column":8},"end":{"line":387,"column":9}},"157":{"start":{"line":382,"column":12},"end":{"line":386,"column":14}},"158":{"start":{"line":383,"column":35},"end":{"line":383,"column":85}},"159":{"start":{"line":384,"column":37},"end":{"line":384,"column":111}},"160":{"start":{"line":385,"column":16},"end":{"line":385,"column":73}},"161":{"start":{"line":389,"column":8},"end":{"line":389,"column":33}},"162":{"start":{"line":390,"column":8},"end":{"line":390,"column":32}},"163":{"start":{"line":401,"column":4},"end":{"line":401,"column":115}},"164":{"start":{"line":417,"column":19},"end":{"line":417,"column":78}},"165":{"start":{"line":418,"column":17},"end":{"line":418,"column":48}},"166":{"start":{"line":419,"column":4},"end":{"line":419,"column":61}},"167":{"start":{"line":431,"column":24},"end":{"line":431,"column":54}},"168":{"start":{"line":433,"column":4},"end":{"line":457,"column":5}},"169":{"start":{"line":438,"column":8},"end":{"line":438,"column":61}},"170":{"start":{"line":441,"column":34},"end":{"line":441,"column":72}},"171":{"start":{"line":444,"column":8},"end":{"line":449,"column":9}},"172":{"start":{"line":445,"column":12},"end":{"line":445,"column":62}},"173":{"start":{"line":446,"column":12},"end":{"line":446,"column":66}},"174":{"start":{"line":447,"column":12},"end":{"line":447,"column":51}},"175":{"start":{"line":448,"column":12},"end":{"line":448,"column":50}},"176":{"start":{"line":452,"column":8},"end":{"line":452,"column":53}},"177":{"start":{"line":453,"column":11},"end":{"line":457,"column":5}},"178":{"start":{"line":455,"column":8},"end":{"line":455,"column":61}},"179":{"start":{"line":456,"column":8},"end":{"line":456,"column":65}},"180":{"start":{"line":488,"column":4},"end":{"line":490,"column":5}},"181":{"start":{"line":489,"column":8},"end":{"line":489,"column":15}},"182":{"start":{"line":492,"column":4},"end":{"line":492,"column":28}},"183":{"start":{"line":493,"column":4},"end":{"line":493,"column":94}},"184":{"start":{"line":504,"column":4},"end":{"line":504,"column":76}},"185":{"start":{"line":516,"column":4},"end":{"line":516,"column":105}},"186":{"start":{"line":525,"column":4},"end":{"line":525,"column":33}},"187":{"start":{"line":527,"column":4},"end":{"line":527,"column":30}},"188":{"start":{"line":536,"column":4},"end":{"line":536,"column":36}},"189":{"start":{"line":537,"column":4},"end":{"line":537,"column":34}},"190":{"start":{"line":549,"column":22},"end":{"line":549,"column":76}},"191":{"start":{"line":552,"column":20},"end":{"line":553,"column":78}},"192":{"start":{"line":554,"column":4},"end":{"line":556,"column":5}},"193":{"start":{"line":555,"column":8},"end":{"line":555,"column":47}},"194":{"start":{"line":557,"column":4},"end":{"line":557,"column":39}},"195":{"start":{"line":567,"column":26},"end":{"line":572,"column":5}},"196":{"start":{"line":573,"column":4},"end":{"line":573,"column":56}},"197":{"start":{"line":583,"column":4},"end":{"line":587,"column":7}},"198":{"start":{"line":600,"column":4},"end":{"line":600,"column":33}},"199":{"start":{"line":602,"column":4},"end":{"line":602,"column":31}},"200":{"start":{"line":612,"column":26},"end":{"line":617,"column":5}},"201":{"start":{"line":618,"column":4},"end":{"line":618,"column":56}},"202":{"start":{"line":628,"column":20},"end":{"line":629,"column":83}},"203":{"start":{"line":630,"column":4},"end":{"line":632,"column":5}},"204":{"start":{"line":631,"column":8},"end":{"line":631,"column":44}},"205":{"start":{"line":633,"column":4},"end":{"line":633,"column":82}},"206":{"start":{"line":643,"column":4},"end":{"line":647,"column":7}},"207":{"start":{"line":657,"column":21},"end":{"line":657,"column":71}},"208":{"start":{"line":659,"column":18},"end":{"line":659,"column":50}},"209":{"start":{"line":660,"column":4},"end":{"line":660,"column":28}},"210":{"start":{"line":661,"column":4},"end":{"line":661,"column":48}},"211":{"start":{"line":663,"column":4},"end":{"line":666,"column":5}},"212":{"start":{"line":665,"column":8},"end":{"line":665,"column":57}},"213":{"start":{"line":667,"column":4},"end":{"line":667,"column":36}},"214":{"start":{"line":678,"column":4},"end":{"line":678,"column":24}},"215":{"start":{"line":679,"column":4},"end":{"line":679,"column":21}},"216":{"start":{"line":680,"column":4},"end":{"line":680,"column":36}},"217":{"start":{"line":681,"column":4},"end":{"line":683,"column":5}},"218":{"start":{"line":682,"column":8},"end":{"line":682,"column":46}},"219":{"start":{"line":684,"column":4},"end":{"line":684,"column":24}},"220":{"start":{"line":685,"column":4},"end":{"line":687,"column":5}},"221":{"start":{"line":686,"column":8},"end":{"line":686,"column":49}},"222":{"start":{"line":688,"column":4},"end":{"line":688,"column":88}},"223":{"start":{"line":697,"column":20},"end":{"line":697,"column":22}},"224":{"start":{"line":699,"column":4},"end":{"line":701,"column":5}},"225":{"start":{"line":699,"column":19},"end":{"line":699,"column":20}},"226":{"start":{"line":700,"column":8},"end":{"line":700,"column":48}},"227":{"start":{"line":702,"column":4},"end":{"line":702,"column":21}},"228":{"start":{"line":712,"column":18},"end":{"line":712,"column":20}},"229":{"start":{"line":714,"column":4},"end":{"line":716,"column":5}},"230":{"start":{"line":714,"column":19},"end":{"line":714,"column":20}},"231":{"start":{"line":715,"column":8},"end":{"line":715,"column":52}},"232":{"start":{"line":717,"column":4},"end":{"line":717,"column":18}},"233":{"start":{"line":728,"column":19},"end":{"line":728,"column":21}},"234":{"start":{"line":729,"column":15},"end":{"line":729,"column":47}},"235":{"start":{"line":734,"column":19},"end":{"line":734,"column":53}},"236":{"start":{"line":735,"column":4},"end":{"line":767,"column":5}},"237":{"start":{"line":735,"column":21},"end":{"line":735,"column":22}},"238":{"start":{"line":741,"column":22},"end":{"line":741,"column":35}},"239":{"start":{"line":742,"column":21},"end":{"line":742,"column":40}},"240":{"start":{"line":744,"column":20},"end":{"line":744,"column":24}},"241":{"start":{"line":745,"column":21},"end":{"line":745,"column":52}},"242":{"start":{"line":746,"column":8},"end":{"line":759,"column":9}},"243":{"start":{"line":748,"column":16},"end":{"line":748,"column":49}},"244":{"start":{"line":749,"column":16},"end":{"line":749,"column":22}},"245":{"start":{"line":751,"column":16},"end":{"line":751,"column":37}},"246":{"start":{"line":752,"column":16},"end":{"line":752,"column":22}},"247":{"start":{"line":755,"column":16},"end":{"line":755,"column":35}},"248":{"start":{"line":756,"column":16},"end":{"line":756,"column":22}},"249":{"start":{"line":758,"column":16},"end":{"line":758,"column":103}},"250":{"start":{"line":761,"column":8},"end":{"line":764,"column":9}},"251":{"start":{"line":763,"column":12},"end":{"line":763,"column":25}},"252":{"start":{"line":766,"column":8},"end":{"line":766,"column":58}},"253":{"start":{"line":768,"column":4},"end":{"line":768,"column":20}},"254":{"start":{"line":781,"column":4},"end":{"line":781,"column":28}},"255":{"start":{"line":783,"column":4},"end":{"line":783,"column":57}},"256":{"start":{"line":785,"column":4},"end":{"line":785,"column":55}},"257":{"start":{"line":790,"column":4},"end":{"line":790,"column":35}},"258":{"start":{"line":792,"column":4},"end":{"line":792,"column":58}},"259":{"start":{"line":803,"column":17},"end":{"line":803,"column":41}},"260":{"start":{"line":804,"column":4},"end":{"line":804,"column":49}},"261":{"start":{"line":818,"column":17},"end":{"line":818,"column":41}},"262":{"start":{"line":819,"column":4},"end":{"line":819,"column":72}},"263":{"start":{"line":831,"column":17},"end":{"line":831,"column":41}},"264":{"start":{"line":832,"column":4},"end":{"line":832,"column":69}},"265":{"start":{"line":844,"column":20},"end":{"line":844,"column":81}},"266":{"start":{"line":845,"column":4},"end":{"line":845,"column":53}},"267":{"start":{"line":848,"column":4},"end":{"line":848,"column":64}},"268":{"start":{"line":860,"column":20},"end":{"line":860,"column":81}},"269":{"start":{"line":861,"column":4},"end":{"line":861,"column":54}},"270":{"start":{"line":870,"column":17},"end":{"line":870,"column":41}},"271":{"start":{"line":871,"column":4},"end":{"line":871,"column":34}},"272":{"start":{"line":880,"column":17},"end":{"line":880,"column":41}},"273":{"start":{"line":881,"column":4},"end":{"line":881,"column":37}},"274":{"start":{"line":890,"column":17},"end":{"line":890,"column":41}},"275":{"start":{"line":891,"column":19},"end":{"line":891,"column":21}},"276":{"start":{"line":892,"column":4},"end":{"line":894,"column":5}},"277":{"start":{"line":892,"column":19},"end":{"line":892,"column":20}},"278":{"start":{"line":893,"column":8},"end":{"line":893,"column":65}},"279":{"start":{"line":896,"column":22},"end":{"line":896,"column":24}},"280":{"start":{"line":897,"column":15},"end":{"line":897,"column":35}},"281":{"start":{"line":898,"column":21},"end":{"line":903,"column":5}},"282":{"start":{"line":904,"column":4},"end":{"line":904,"column":37}},"283":{"start":{"line":954,"column":0},"end":{"line":964,"column":1}},"284":{"start":{"line":955,"column":4},"end":{"line":955,"column":48}},"285":{"start":{"line":956,"column":4},"end":{"line":956,"column":40}},"286":{"start":{"line":957,"column":4},"end":{"line":957,"column":38}},"287":{"start":{"line":958,"column":4},"end":{"line":958,"column":44}},"288":{"start":{"line":959,"column":4},"end":{"line":959,"column":56}},"289":{"start":{"line":960,"column":4},"end":{"line":960,"column":42}},"290":{"start":{"line":961,"column":4},"end":{"line":961,"column":40}},"291":{"start":{"line":962,"column":4},"end":{"line":962,"column":60}},"292":{"start":{"line":963,"column":4},"end":{"line":963,"column":30}}},"fnMap":{"0":{"name":"(anonymous_0)","decl":{"start":{"line":28,"column":4},"end":{"line":28,"column":5}},"loc":{"start":{"line":28,"column":30},"end":{"line":81,"column":5}},"line":28},"1":{"name":"setConfig","decl":{"start":{"line":94,"column":9},"end":{"line":94,"column":18}},"loc":{"start":{"line":94,"column":33},"end":{"line":100,"column":1}},"line":94},"2":{"name":"validateConfig","decl":{"start":{"line":108,"column":9},"end":{"line":108,"column":23}},"loc":{"start":{"line":108,"column":32},"end":{"line":135,"column":1}},"line":108},"3":{"name":"createSubDivs","decl":{"start":{"line":142,"column":9},"end":{"line":142,"column":22}},"loc":{"start":{"line":142,"column":31},"end":{"line":153,"column":1}},"line":142},"4":{"name":"createTable","decl":{"start":{"line":160,"column":9},"end":{"line":160,"column":20}},"loc":{"start":{"line":160,"column":29},"end":{"line":182,"column":1}},"line":160},"5":{"name":"createColumnHeader","decl":{"start":{"line":184,"column":9},"end":{"line":184,"column":27}},"loc":{"start":{"line":184,"column":36},"end":{"line":199,"column":1}},"line":184},"6":{"name":"createColumnHeaderCell","decl":{"start":{"line":201,"column":9},"end":{"line":201,"column":31}},"loc":{"start":{"line":201,"column":50},"end":{"line":216,"column":1}},"line":201},"7":{"name":"createRowHeaderCell","decl":{"start":{"line":218,"column":9},"end":{"line":218,"column":28}},"loc":{"start":{"line":218,"column":47},"end":{"line":230,"column":1}},"line":218},"8":{"name":"createLeftPanelButton","decl":{"start":{"line":237,"column":9},"end":{"line":237,"column":30}},"loc":{"start":{"line":237,"column":37},"end":{"line":243,"column":1}},"line":237},"9":{"name":"addSingleColumn","decl":{"start":{"line":252,"column":9},"end":{"line":252,"column":24}},"loc":{"start":{"line":252,"column":33},"end":{"line":269,"column":1}},"line":252},"10":{"name":"deleteSingleColumn","decl":{"start":{"line":278,"column":9},"end":{"line":278,"column":27}},"loc":{"start":{"line":278,"column":36},"end":{"line":290,"column":1}},"line":278},"11":{"name":"addSingleRow","decl":{"start":{"line":299,"column":9},"end":{"line":299,"column":21}},"loc":{"start":{"line":299,"column":30},"end":{"line":314,"column":1}},"line":299},"12":{"name":"createRowHeader","decl":{"start":{"line":317,"column":9},"end":{"line":317,"column":24}},"loc":{"start":{"line":317,"column":58},"end":{"line":322,"column":1}},"line":317},"13":{"name":"createEntryCell","decl":{"start":{"line":332,"column":9},"end":{"line":332,"column":24}},"loc":{"start":{"line":332,"column":58},"end":{"line":392,"column":1}},"line":332},"14":{"name":"(anonymous_14)","decl":{"start":{"line":382,"column":45},"end":{"line":382,"column":46}},"loc":{"start":{"line":382,"column":57},"end":{"line":386,"column":13}},"line":382},"15":{"name":"cellFieldHasCallback","decl":{"start":{"line":400,"column":9},"end":{"line":400,"column":29}},"loc":{"start":{"line":400,"column":48},"end":{"line":402,"column":1}},"line":400},"16":{"name":"updateErrorMessageHelper","decl":{"start":{"line":416,"column":9},"end":{"line":416,"column":33}},"loc":{"start":{"line":416,"column":86},"end":{"line":420,"column":1}},"line":416},"17":{"name":"updateErrorMessage","decl":{"start":{"line":430,"column":9},"end":{"line":430,"column":27}},"loc":{"start":{"line":430,"column":66},"end":{"line":458,"column":1}},"line":430},"18":{"name":"deleteSingleRow","decl":{"start":{"line":486,"column":9},"end":{"line":486,"column":24}},"loc":{"start":{"line":486,"column":33},"end":{"line":494,"column":1}},"line":486},"19":{"name":"constructElementId","decl":{"start":{"line":503,"column":9},"end":{"line":503,"column":27}},"loc":{"start":{"line":503,"column":62},"end":{"line":505,"column":1}},"line":503},"20":{"name":"constructInputFieldId","decl":{"start":{"line":515,"column":9},"end":{"line":515,"column":30}},"loc":{"start":{"line":515,"column":77},"end":{"line":517,"column":1}},"line":515},"21":{"name":"createEntryBox","decl":{"start":{"line":524,"column":9},"end":{"line":524,"column":23}},"loc":{"start":{"line":524,"column":32},"end":{"line":528,"column":1}},"line":524},"22":{"name":"createColumnEntryBox","decl":{"start":{"line":535,"column":9},"end":{"line":535,"column":29}},"loc":{"start":{"line":535,"column":38},"end":{"line":538,"column":1}},"line":535},"23":{"name":"createRowOrColumnInputAndBtn","decl":{"start":{"line":548,"column":9},"end":{"line":548,"column":37}},"loc":{"start":{"line":548,"column":61},"end":{"line":558,"column":1}},"line":548},"24":{"name":"(anonymous_24)","decl":{"start":{"line":554,"column":24},"end":{"line":554,"column":25}},"loc":{"start":{"line":554,"column":36},"end":{"line":556,"column":5}},"line":554},"25":{"name":"createColumnInputAndBtn","decl":{"start":{"line":566,"column":9},"end":{"line":566,"column":32}},"loc":{"start":{"line":566,"column":41},"end":{"line":574,"column":1}},"line":566},"26":{"name":"createColumnDeleteBtn","decl":{"start":{"line":582,"column":9},"end":{"line":582,"column":30}},"loc":{"start":{"line":582,"column":39},"end":{"line":588,"column":1}},"line":582},"27":{"name":"createRowEntryBox","decl":{"start":{"line":595,"column":9},"end":{"line":595,"column":26}},"loc":{"start":{"line":595,"column":35},"end":{"line":603,"column":1}},"line":595},"28":{"name":"createRowInputAndBtn","decl":{"start":{"line":611,"column":9},"end":{"line":611,"column":29}},"loc":{"start":{"line":611,"column":38},"end":{"line":619,"column":1}},"line":611},"29":{"name":"createDeleteBtn","decl":{"start":{"line":627,"column":9},"end":{"line":627,"column":24}},"loc":{"start":{"line":627,"column":47},"end":{"line":634,"column":1}},"line":627},"30":{"name":"(anonymous_30)","decl":{"start":{"line":630,"column":24},"end":{"line":630,"column":25}},"loc":{"start":{"line":630,"column":36},"end":{"line":632,"column":5}},"line":630},"31":{"name":"createRowDeleteBtn","decl":{"start":{"line":642,"column":9},"end":{"line":642,"column":27}},"loc":{"start":{"line":642,"column":36},"end":{"line":648,"column":1}},"line":642},"32":{"name":"createJSONButton","decl":{"start":{"line":656,"column":9},"end":{"line":656,"column":25}},"loc":{"start":{"line":656,"column":40},"end":{"line":668,"column":1}},"line":656},"33":{"name":"(anonymous_33)","decl":{"start":{"line":663,"column":22},"end":{"line":663,"column":23}},"loc":{"start":{"line":663,"column":34},"end":{"line":666,"column":5}},"line":663},"34":{"name":"getCellElement","decl":{"start":{"line":677,"column":9},"end":{"line":677,"column":23}},"loc":{"start":{"line":677,"column":45},"end":{"line":689,"column":1}},"line":677},"35":{"name":"getTableData","decl":{"start":{"line":696,"column":9},"end":{"line":696,"column":21}},"loc":{"start":{"line":696,"column":30},"end":{"line":703,"column":1}},"line":696},"36":{"name":"getRowData","decl":{"start":{"line":711,"column":9},"end":{"line":711,"column":19}},"loc":{"start":{"line":711,"column":33},"end":{"line":718,"column":1}},"line":711},"37":{"name":"getCellData","decl":{"start":{"line":727,"column":9},"end":{"line":727,"column":20}},"loc":{"start":{"line":727,"column":39},"end":{"line":769,"column":1}},"line":727},"38":{"name":"dtCreateDataTable","decl":{"start":{"line":780,"column":9},"end":{"line":780,"column":26}},"loc":{"start":{"line":780,"column":41},"end":{"line":793,"column":1}},"line":780},"39":{"name":"dtGetCellData","decl":{"start":{"line":802,"column":9},"end":{"line":802,"column":22}},"loc":{"start":{"line":802,"column":47},"end":{"line":805,"column":1}},"line":802},"40":{"name":"dtSetCellErrorMessage","decl":{"start":{"line":817,"column":9},"end":{"line":817,"column":30}},"loc":{"start":{"line":817,"column":76},"end":{"line":820,"column":1}},"line":817},"41":{"name":"dtClearCellErrorMessage","decl":{"start":{"line":830,"column":9},"end":{"line":830,"column":32}},"loc":{"start":{"line":830,"column":69},"end":{"line":833,"column":1}},"line":830},"42":{"name":"dtDisableField","decl":{"start":{"line":843,"column":9},"end":{"line":843,"column":23}},"loc":{"start":{"line":843,"column":60},"end":{"line":849,"column":1}},"line":843},"43":{"name":"dtEnableField","decl":{"start":{"line":859,"column":9},"end":{"line":859,"column":22}},"loc":{"start":{"line":859,"column":59},"end":{"line":862,"column":1}},"line":859},"44":{"name":"dtGetNumRows","decl":{"start":{"line":869,"column":9},"end":{"line":869,"column":21}},"loc":{"start":{"line":869,"column":36},"end":{"line":872,"column":1}},"line":869},"45":{"name":"dtGetNumColumns","decl":{"start":{"line":879,"column":9},"end":{"line":879,"column":24}},"loc":{"start":{"line":879,"column":39},"end":{"line":882,"column":1}},"line":879},"46":{"name":"dtToJSON","decl":{"start":{"line":889,"column":9},"end":{"line":889,"column":17}},"loc":{"start":{"line":889,"column":32},"end":{"line":905,"column":1}},"line":889}},"branchMap":{"0":{"loc":{"start":{"line":29,"column":30},"end":{"line":29,"column":91}},"type":"cond-expr","locations":[{"start":{"line":29,"column":67},"end":{"line":29,"column":68}},{"start":{"line":29,"column":71},"end":{"line":29,"column":91}}],"line":29},"1":{"loc":{"start":{"line":30,"column":33},"end":{"line":30,"column":100}},"type":"cond-expr","locations":[{"start":{"line":30,"column":73},"end":{"line":30,"column":74}},{"start":{"line":30,"column":77},"end":{"line":30,"column":100}}],"line":30},"2":{"loc":{"start":{"line":31,"column":24},"end":{"line":31,"column":91}},"type":"cond-expr","locations":[{"start":{"line":31,"column":62},"end":{"line":31,"column":67}},{"start":{"line":31,"column":70},"end":{"line":31,"column":91}}],"line":31},"3":{"loc":{"start":{"line":32,"column":27},"end":{"line":32,"column":103}},"type":"cond-expr","locations":[{"start":{"line":32,"column":68},"end":{"line":32,"column":76}},{"start":{"line":32,"column":79},"end":{"line":32,"column":103}}],"line":32},"4":{"loc":{"start":{"line":39,"column":32},"end":{"line":39,"column":114}},"type":"cond-expr","locations":[{"start":{"line":39,"column":78},"end":{"line":39,"column":82}},{"start":{"line":39,"column":85},"end":{"line":39,"column":114}}],"line":39},"5":{"loc":{"start":{"line":40,"column":35},"end":{"line":40,"column":124}},"type":"cond-expr","locations":[{"start":{"line":40,"column":84},"end":{"line":40,"column":89}},{"start":{"line":40,"column":92},"end":{"line":40,"column":124}}],"line":40},"6":{"loc":{"start":{"line":69,"column":19},"end":{"line":69,"column":94}},"type":"cond-expr","locations":[{"start":{"line":69,"column":54},"end":{"line":69,"column":73}},{"start":{"line":69,"column":76},"end":{"line":69,"column":94}}],"line":69},"7":{"loc":{"start":{"line":70,"column":19},"end":{"line":70,"column":90}},"type":"cond-expr","locations":[{"start":{"line":70,"column":54},"end":{"line":70,"column":69}},{"start":{"line":70,"column":72},"end":{"line":70,"column":90}}],"line":70},"8":{"loc":{"start":{"line":71,"column":20},"end":{"line":71,"column":105}},"type":"cond-expr","locations":[{"start":{"line":71,"column":56},"end":{"line":71,"column":83}},{"start":{"line":71,"column":86},"end":{"line":71,"column":105}}],"line":71},"9":{"loc":{"start":{"line":72,"column":23},"end":{"line":72,"column":99}},"type":"cond-expr","locations":[{"start":{"line":72,"column":62},"end":{"line":72,"column":74}},{"start":{"line":72,"column":77},"end":{"line":72,"column":99}}],"line":72},"10":{"loc":{"start":{"line":109,"column":4},"end":{"line":111,"column":5}},"type":"if","locations":[{"start":{"line":109,"column":4},"end":{"line":111,"column":5}},{"start":{"line":109,"column":4},"end":{"line":111,"column":5}}],"line":109},"11":{"loc":{"start":{"line":113,"column":4},"end":{"line":115,"column":5}},"type":"if","locations":[{"start":{"line":113,"column":4},"end":{"line":115,"column":5}},{"start":{"line":113,"column":4},"end":{"line":115,"column":5}}],"line":113},"12":{"loc":{"start":{"line":113,"column":8},"end":{"line":113,"column":67}},"type":"binary-expr","locations":[{"start":{"line":113,"column":8},"end":{"line":113,"column":37}},{"start":{"line":113,"column":41},"end":{"line":113,"column":67}}],"line":113},"13":{"loc":{"start":{"line":117,"column":4},"end":{"line":119,"column":5}},"type":"if","locations":[{"start":{"line":117,"column":4},"end":{"line":119,"column":5}},{"start":{"line":117,"column":4},"end":{"line":119,"column":5}}],"line":117},"14":{"loc":{"start":{"line":121,"column":4},"end":{"line":123,"column":5}},"type":"if","locations":[{"start":{"line":121,"column":4},"end":{"line":123,"column":5}},{"start":{"line":121,"column":4},"end":{"line":123,"column":5}}],"line":121},"15":{"loc":{"start":{"line":131,"column":8},"end":{"line":133,"column":9}},"type":"if","locations":[{"start":{"line":131,"column":8},"end":{"line":133,"column":9}},{"start":{"line":131,"column":8},"end":{"line":133,"column":9}}],"line":131},"16":{"loc":{"start":{"line":202,"column":4},"end":{"line":204,"column":5}},"type":"if","locations":[{"start":{"line":202,"column":4},"end":{"line":204,"column":5}},{"start":{"line":202,"column":4},"end":{"line":204,"column":5}}],"line":202},"17":{"loc":{"start":{"line":205,"column":4},"end":{"line":208,"column":5}},"type":"if","locations":[{"start":{"line":205,"column":4},"end":{"line":208,"column":5}},{"start":{"line":205,"column":4},"end":{"line":208,"column":5}}],"line":205},"18":{"loc":{"start":{"line":219,"column":4},"end":{"line":222,"column":5}},"type":"if","locations":[{"start":{"line":219,"column":4},"end":{"line":222,"column":5}},{"start":{"line":219,"column":4},"end":{"line":222,"column":5}}],"line":219},"19":{"loc":{"start":{"line":280,"column":4},"end":{"line":282,"column":5}},"type":"if","locations":[{"start":{"line":280,"column":4},"end":{"line":282,"column":5}},{"start":{"line":280,"column":4},"end":{"line":282,"column":5}}],"line":280},"20":{"loc":{"start":{"line":306,"column":8},"end":{"line":310,"column":9}},"type":"if","locations":[{"start":{"line":306,"column":8},"end":{"line":310,"column":9}},{"start":{"line":306,"column":8},"end":{"line":310,"column":9}}],"line":306},"21":{"loc":{"start":{"line":347,"column":8},"end":{"line":377,"column":9}},"type":"if","locations":[{"start":{"line":347,"column":8},"end":{"line":377,"column":9}},{"start":{"line":347,"column":8},"end":{"line":377,"column":9}}],"line":347},"22":{"loc":{"start":{"line":347,"column":12},"end":{"line":347,"column":46}},"type":"binary-expr","locations":[{"start":{"line":347,"column":12},"end":{"line":347,"column":27}},{"start":{"line":347,"column":31},"end":{"line":347,"column":46}}],"line":347},"23":{"loc":{"start":{"line":354,"column":15},"end":{"line":377,"column":9}},"type":"if","locations":[{"start":{"line":354,"column":15},"end":{"line":377,"column":9}},{"start":{"line":354,"column":15},"end":{"line":377,"column":9}}],"line":354},"24":{"loc":{"start":{"line":361,"column":15},"end":{"line":377,"column":9}},"type":"if","locations":[{"start":{"line":361,"column":15},"end":{"line":377,"column":9}},{"start":{"line":361,"column":15},"end":{"line":377,"column":9}}],"line":361},"25":{"loc":{"start":{"line":381,"column":8},"end":{"line":387,"column":9}},"type":"if","locations":[{"start":{"line":381,"column":8},"end":{"line":387,"column":9}},{"start":{"line":381,"column":8},"end":{"line":387,"column":9}}],"line":381},"26":{"loc":{"start":{"line":401,"column":11},"end":{"line":401,"column":114}},"type":"binary-expr","locations":[{"start":{"line":401,"column":11},"end":{"line":401,"column":63}},{"start":{"line":401,"column":67},"end":{"line":401,"column":114}}],"line":401},"27":{"loc":{"start":{"line":433,"column":4},"end":{"line":457,"column":5}},"type":"if","locations":[{"start":{"line":433,"column":4},"end":{"line":457,"column":5}},{"start":{"line":433,"column":4},"end":{"line":457,"column":5}}],"line":433},"28":{"loc":{"start":{"line":433,"column":8},"end":{"line":433,"column":59}},"type":"binary-expr","locations":[{"start":{"line":433,"column":8},"end":{"line":433,"column":29}},{"start":{"line":433,"column":33},"end":{"line":433,"column":59}}],"line":433},"29":{"loc":{"start":{"line":444,"column":8},"end":{"line":449,"column":9}},"type":"if","locations":[{"start":{"line":444,"column":8},"end":{"line":449,"column":9}},{"start":{"line":444,"column":8},"end":{"line":449,"column":9}}],"line":444},"30":{"loc":{"start":{"line":453,"column":11},"end":{"line":457,"column":5}},"type":"if","locations":[{"start":{"line":453,"column":11},"end":{"line":457,"column":5}},{"start":{"line":453,"column":11},"end":{"line":457,"column":5}}],"line":453},"31":{"loc":{"start":{"line":488,"column":4},"end":{"line":490,"column":5}},"type":"if","locations":[{"start":{"line":488,"column":4},"end":{"line":490,"column":5}},{"start":{"line":488,"column":4},"end":{"line":490,"column":5}}],"line":488},"32":{"loc":{"start":{"line":681,"column":4},"end":{"line":683,"column":5}},"type":"if","locations":[{"start":{"line":681,"column":4},"end":{"line":683,"column":5}},{"start":{"line":681,"column":4},"end":{"line":683,"column":5}}],"line":681},"33":{"loc":{"start":{"line":681,"column":8},"end":{"line":681,"column":44}},"type":"binary-expr","locations":[{"start":{"line":681,"column":8},"end":{"line":681,"column":15}},{"start":{"line":681,"column":19},"end":{"line":681,"column":44}}],"line":681},"34":{"loc":{"start":{"line":685,"column":4},"end":{"line":687,"column":5}},"type":"if","locations":[{"start":{"line":685,"column":4},"end":{"line":687,"column":5}},{"start":{"line":685,"column":4},"end":{"line":687,"column":5}}],"line":685},"35":{"loc":{"start":{"line":685,"column":8},"end":{"line":685,"column":53}},"type":"binary-expr","locations":[{"start":{"line":685,"column":8},"end":{"line":685,"column":18}},{"start":{"line":685,"column":22},"end":{"line":685,"column":53}}],"line":685},"36":{"loc":{"start":{"line":746,"column":8},"end":{"line":759,"column":9}},"type":"switch","locations":[{"start":{"line":747,"column":12},"end":{"line":749,"column":22}},{"start":{"line":750,"column":12},"end":{"line":752,"column":22}},{"start":{"line":753,"column":12},"end":{"line":753,"column":24}},{"start":{"line":754,"column":12},"end":{"line":756,"column":22}},{"start":{"line":757,"column":12},"end":{"line":758,"column":103}}],"line":746},"37":{"loc":{"start":{"line":761,"column":8},"end":{"line":764,"column":9}},"type":"if","locations":[{"start":{"line":761,"column":8},"end":{"line":764,"column":9}},{"start":{"line":761,"column":8},"end":{"line":764,"column":9}}],"line":761},"38":{"loc":{"start":{"line":954,"column":0},"end":{"line":964,"column":1}},"type":"if","locations":[{"start":{"line":954,"column":0},"end":{"line":964,"column":1}},{"start":{"line":954,"column":0},"end":{"line":964,"column":1}}],"line":954}},"s":{"0":1,"1":60,"2":60,"3":60,"4":60,"5":60,"6":60,"7":60,"8":60,"9":60,"10":60,"11":60,"12":60,"13":60,"14":60,"15":60,"16":60,"17":54,"18":60,"19":1,"20":59,"21":2,"22":57,"23":1,"24":56,"25":1,"26":55,"27":55,"28":104,"29":1,"30":54,"31":54,"32":54,"33":54,"34":54,"35":54,"36":54,"37":53,"38":53,"39":53,"40":53,"41":53,"42":53,"43":53,"44":53,"45":53,"46":53,"47":53,"48":53,"49":53,"50":53,"51":53,"52":53,"53":147,"54":53,"55":53,"56":53,"57":200,"58":200,"59":200,"60":200,"61":53,"62":53,"63":202,"64":53,"65":149,"66":136,"67":136,"68":13,"69":13,"70":13,"71":13,"72":13,"73":149,"74":33,"75":33,"76":116,"77":116,"78":116,"79":116,"80":116,"81":212,"82":212,"83":212,"84":212,"85":212,"86":2,"87":2,"88":2,"89":2,"90":2,"91":2,"92":2,"93":2,"94":2,"95":6,"96":2,"97":4,"98":1,"99":3,"100":3,"101":3,"102":3,"103":12,"104":3,"105":149,"106":149,"107":149,"108":149,"109":584,"110":149,"111":435,"112":149,"113":149,"114":149,"115":149,"116":149,"117":441,"118":441,"119":441,"120":441,"121":441,"122":869,"123":869,"124":869,"125":869,"126":869,"127":869,"128":869,"129":869,"130":433,"131":433,"132":433,"133":433,"134":433,"135":433,"136":436,"137":9,"138":9,"139":9,"140":9,"141":9,"142":9,"143":427,"144":427,"145":427,"146":427,"147":427,"148":427,"149":854,"150":854,"151":854,"152":427,"153":427,"154":0,"155":869,"156":869,"157":6,"158":8,"159":8,"160":8,"161":869,"162":869,"163":869,"164":8,"165":8,"166":8,"167":16,"168":16,"169":10,"170":10,"171":10,"172":9,"173":9,"174":9,"175":9,"176":10,"177":6,"178":3,"179":3,"180":4,"181":1,"182":3,"183":3,"184":812,"185":873,"186":53,"187":53,"188":53,"189":53,"190":106,"191":106,"192":106,"193":4,"194":106,"195":53,"196":53,"197":53,"198":53,"199":53,"200":53,"201":53,"202":106,"203":106,"204":8,"205":106,"206":53,"207":53,"208":53,"209":53,"210":53,"211":53,"212":0,"213":53,"214":15,"215":15,"216":15,"217":15,"218":2,"219":13,"220":13,"221":1,"222":12,"223":0,"224":0,"225":0,"226":0,"227":0,"228":0,"229":0,"230":0,"231":0,"232":0,"233":15,"234":15,"235":12,"236":12,"237":12,"238":18,"239":18,"240":18,"241":18,"242":18,"243":14,"244":14,"245":0,"246":0,"247":4,"248":4,"249":0,"250":18,"251":1,"252":18,"253":12,"254":60,"255":54,"256":53,"257":53,"258":53,"259":7,"260":7,"261":4,"262":4,"263":4,"264":4,"265":3,"266":3,"267":3,"268":1,"269":1,"270":15,"271":15,"272":15,"273":15,"274":0,"275":0,"276":0,"277":0,"278":0,"279":0,"280":0,"281":0,"282":0,"283":1,"284":1,"285":1,"286":1,"287":1,"288":1,"289":1,"290":1,"291":1,"292":1},"f":{"0":60,"1":60,"2":60,"3":54,"4":53,"5":53,"6":202,"7":149,"8":212,"9":2,"10":4,"11":149,"12":149,"13":441,"14":8,"15":869,"16":8,"17":16,"18":4,"19":812,"20":873,"21":53,"22":53,"23":106,"24":4,"25":53,"26":53,"27":53,"28":53,"29":106,"30":8,"31":53,"32":53,"33":0,"34":15,"35":0,"36":0,"37":15,"38":60,"39":7,"40":4,"41":4,"42":3,"43":1,"44":15,"45":15,"46":0},"b":{"0":[52,8],"1":[53,7],"2":[60,0],"3":[60,0],"4":[45,15],"5":[45,15],"6":[51,9],"7":[52,8],"8":[54,6],"9":[55,5],"10":[1,59],"11":[2,57],"12":[59,58],"13":[1,56],"14":[1,55],"15":[1,103],"16":[53,149],"17":[136,13],"18":[33,116],"19":[1,3],"20":[149,435],"21":[433,436],"22":[869,436],"23":[9,427],"24":[427,0],"25":[6,863],"26":[869,869],"27":[10,6],"28":[16,10],"29":[9,1],"30":[3,3],"31":[1,3],"32":[2,13],"33":[15,14],"34":[1,12],"35":[13,13],"36":[14,0,0,4,0],"37":[1,17],"38":[1,0]},"_coverageSchema":"1a1c01bbd47fc00a2c39e90264f33305004495a9","hash":"d4148e900d453205084bcd1227651a67a40da30e"}
}
