{"/Users/chloegonzales/rcv/rcv-entry/data-table/table.js": {"path":"/Users/chloegonzales/rcv/rcv-entry/data-table/table.js","statementMap":{"0":{"start":{"line":9,"column":17},"end":{"line":9,"column":19}},"1":{"start":{"line":29,"column":8},"end":{"line":29,"column":92}},"2":{"start":{"line":30,"column":8},"end":{"line":30,"column":101}},"3":{"start":{"line":31,"column":8},"end":{"line":31,"column":92}},"4":{"start":{"line":32,"column":8},"end":{"line":32,"column":104}},"5":{"start":{"line":36,"column":8},"end":{"line":36,"column":50}},"6":{"start":{"line":37,"column":8},"end":{"line":37,"column":56}},"7":{"start":{"line":38,"column":8},"end":{"line":38,"column":54}},"8":{"start":{"line":39,"column":8},"end":{"line":39,"column":115}},"9":{"start":{"line":40,"column":8},"end":{"line":40,"column":125}},"10":{"start":{"line":49,"column":8},"end":{"line":54,"column":9}},"11":{"start":{"line":56,"column":8},"end":{"line":60,"column":9}},"12":{"start":{"line":68,"column":8},"end":{"line":73,"column":9}},"13":{"start":{"line":79,"column":8},"end":{"line":79,"column":29}},"14":{"start":{"line":80,"column":8},"end":{"line":80,"column":32}},"15":{"start":{"line":94,"column":4},"end":{"line":96,"column":5}},"16":{"start":{"line":95,"column":8},"end":{"line":95,"column":25}},"17":{"start":{"line":97,"column":4},"end":{"line":97,"column":18}},"18":{"start":{"line":111,"column":17},"end":{"line":111,"column":41}},"19":{"start":{"line":113,"column":4},"end":{"line":113,"column":27}},"20":{"start":{"line":115,"column":4},"end":{"line":115,"column":51}},"21":{"start":{"line":125,"column":4},"end":{"line":127,"column":5}},"22":{"start":{"line":126,"column":8},"end":{"line":126,"column":65}},"23":{"start":{"line":129,"column":4},"end":{"line":131,"column":5}},"24":{"start":{"line":130,"column":8},"end":{"line":130,"column":80}},"25":{"start":{"line":133,"column":4},"end":{"line":135,"column":5}},"26":{"start":{"line":134,"column":8},"end":{"line":134,"column":73}},"27":{"start":{"line":137,"column":4},"end":{"line":139,"column":5}},"28":{"start":{"line":138,"column":8},"end":{"line":138,"column":80}},"29":{"start":{"line":144,"column":23},"end":{"line":144,"column":47}},"30":{"start":{"line":146,"column":4},"end":{"line":150,"column":5}},"31":{"start":{"line":147,"column":8},"end":{"line":149,"column":9}},"32":{"start":{"line":148,"column":12},"end":{"line":148,"column":110}},"33":{"start":{"line":159,"column":22},"end":{"line":159,"column":30}},"34":{"start":{"line":161,"column":22},"end":{"line":161,"column":51}},"35":{"start":{"line":162,"column":4},"end":{"line":162,"column":51}},"36":{"start":{"line":163,"column":4},"end":{"line":163,"column":43}},"37":{"start":{"line":165,"column":19},"end":{"line":165,"column":48}},"38":{"start":{"line":166,"column":4},"end":{"line":166,"column":45}},"39":{"start":{"line":167,"column":4},"end":{"line":167,"column":40}},"40":{"start":{"line":169,"column":4},"end":{"line":169,"column":74}},"41":{"start":{"line":170,"column":4},"end":{"line":170,"column":71}},"42":{"start":{"line":179,"column":16},"end":{"line":179,"column":47}},"43":{"start":{"line":180,"column":4},"end":{"line":180,"column":46}},"44":{"start":{"line":181,"column":4},"end":{"line":181,"column":38}},"45":{"start":{"line":183,"column":16},"end":{"line":183,"column":47}},"46":{"start":{"line":184,"column":4},"end":{"line":184,"column":46}},"47":{"start":{"line":186,"column":16},"end":{"line":186,"column":47}},"48":{"start":{"line":187,"column":4},"end":{"line":187,"column":46}},"49":{"start":{"line":189,"column":4},"end":{"line":189,"column":29}},"50":{"start":{"line":190,"column":4},"end":{"line":190,"column":29}},"51":{"start":{"line":191,"column":19},"end":{"line":191,"column":70}},"52":{"start":{"line":192,"column":4},"end":{"line":192,"column":32}},"53":{"start":{"line":193,"column":4},"end":{"line":193,"column":70}},"54":{"start":{"line":195,"column":4},"end":{"line":195,"column":31}},"55":{"start":{"line":197,"column":4},"end":{"line":199,"column":5}},"56":{"start":{"line":197,"column":19},"end":{"line":197,"column":20}},"57":{"start":{"line":198,"column":8},"end":{"line":198,"column":29}},"58":{"start":{"line":204,"column":14},"end":{"line":204,"column":82}},"59":{"start":{"line":206,"column":4},"end":{"line":213,"column":5}},"60":{"start":{"line":206,"column":24},"end":{"line":206,"column":25}},"61":{"start":{"line":208,"column":19},"end":{"line":208,"column":43}},"62":{"start":{"line":209,"column":8},"end":{"line":209,"column":83}},"63":{"start":{"line":210,"column":8},"end":{"line":210,"column":46}},"64":{"start":{"line":212,"column":8},"end":{"line":212,"column":67}},"65":{"start":{"line":215,"column":4},"end":{"line":215,"column":57}},"66":{"start":{"line":216,"column":4},"end":{"line":216,"column":27}},"67":{"start":{"line":220,"column":4},"end":{"line":222,"column":5}},"68":{"start":{"line":221,"column":8},"end":{"line":221,"column":62}},"69":{"start":{"line":223,"column":4},"end":{"line":226,"column":5}},"70":{"start":{"line":224,"column":23},"end":{"line":224,"column":58}},"71":{"start":{"line":225,"column":8},"end":{"line":225,"column":49}},"72":{"start":{"line":229,"column":16},"end":{"line":229,"column":47}},"73":{"start":{"line":230,"column":4},"end":{"line":230,"column":24}},"74":{"start":{"line":231,"column":4},"end":{"line":231,"column":43}},"75":{"start":{"line":232,"column":4},"end":{"line":232,"column":45}},"76":{"start":{"line":233,"column":4},"end":{"line":233,"column":17}},"77":{"start":{"line":237,"column":4},"end":{"line":240,"column":5}},"78":{"start":{"line":238,"column":23},"end":{"line":238,"column":55}},"79":{"start":{"line":239,"column":8},"end":{"line":239,"column":49}},"80":{"start":{"line":243,"column":16},"end":{"line":243,"column":47}},"81":{"start":{"line":244,"column":4},"end":{"line":244,"column":24}},"82":{"start":{"line":245,"column":4},"end":{"line":245,"column":40}},"83":{"start":{"line":246,"column":4},"end":{"line":246,"column":45}},"84":{"start":{"line":247,"column":4},"end":{"line":247,"column":17}},"85":{"start":{"line":258,"column":16},"end":{"line":258,"column":71}},"86":{"start":{"line":259,"column":18},"end":{"line":259,"column":36}},"87":{"start":{"line":260,"column":18},"end":{"line":260,"column":39}},"88":{"start":{"line":262,"column":15},"end":{"line":262,"column":48}},"89":{"start":{"line":263,"column":4},"end":{"line":263,"column":79}},"90":{"start":{"line":264,"column":4},"end":{"line":264,"column":42}},"91":{"start":{"line":266,"column":4},"end":{"line":266,"column":62}},"92":{"start":{"line":268,"column":4},"end":{"line":271,"column":5}},"93":{"start":{"line":268,"column":23},"end":{"line":268,"column":24}},"94":{"start":{"line":269,"column":8},"end":{"line":269,"column":73}},"95":{"start":{"line":273,"column":4},"end":{"line":273,"column":31}},"96":{"start":{"line":283,"column":16},"end":{"line":283,"column":71}},"97":{"start":{"line":284,"column":18},"end":{"line":284,"column":36}},"98":{"start":{"line":285,"column":4},"end":{"line":287,"column":5}},"99":{"start":{"line":285,"column":17},"end":{"line":285,"column":18}},"100":{"start":{"line":286,"column":8},"end":{"line":286,"column":37}},"101":{"start":{"line":288,"column":4},"end":{"line":288,"column":31}},"102":{"start":{"line":300,"column":19},"end":{"line":300,"column":37}},"103":{"start":{"line":301,"column":14},"end":{"line":301,"column":93}},"104":{"start":{"line":303,"column":4},"end":{"line":310,"column":5}},"105":{"start":{"line":303,"column":24},"end":{"line":303,"column":25}},"106":{"start":{"line":305,"column":8},"end":{"line":309,"column":9}},"107":{"start":{"line":306,"column":12},"end":{"line":306,"column":60}},"108":{"start":{"line":308,"column":12},"end":{"line":308,"column":60}},"109":{"start":{"line":312,"column":4},"end":{"line":312,"column":28}},"110":{"start":{"line":317,"column":15},"end":{"line":317,"column":39}},"111":{"start":{"line":318,"column":4},"end":{"line":318,"column":75}},"112":{"start":{"line":319,"column":4},"end":{"line":319,"column":42}},"113":{"start":{"line":320,"column":4},"end":{"line":320,"column":60}},"114":{"start":{"line":332,"column":15},"end":{"line":332,"column":39}},"115":{"start":{"line":333,"column":4},"end":{"line":333,"column":75}},"116":{"start":{"line":334,"column":4},"end":{"line":334,"column":42}},"117":{"start":{"line":336,"column":4},"end":{"line":379,"column":5}},"118":{"start":{"line":336,"column":24},"end":{"line":336,"column":25}},"119":{"start":{"line":337,"column":19},"end":{"line":337,"column":53}},"120":{"start":{"line":339,"column":20},"end":{"line":339,"column":51}},"121":{"start":{"line":340,"column":8},"end":{"line":340,"column":68}},"122":{"start":{"line":341,"column":8},"end":{"line":341,"column":42}},"123":{"start":{"line":343,"column":20},"end":{"line":343,"column":24}},"124":{"start":{"line":344,"column":8},"end":{"line":371,"column":9}},"125":{"start":{"line":345,"column":24},"end":{"line":345,"column":55}},"126":{"start":{"line":346,"column":12},"end":{"line":346,"column":32}},"127":{"start":{"line":347,"column":12},"end":{"line":347,"column":68}},"128":{"start":{"line":348,"column":12},"end":{"line":348,"column":46}},"129":{"start":{"line":349,"column":12},"end":{"line":349,"column":26}},"130":{"start":{"line":350,"column":15},"end":{"line":371,"column":9}},"131":{"start":{"line":351,"column":24},"end":{"line":351,"column":55}},"132":{"start":{"line":352,"column":12},"end":{"line":352,"column":36}},"133":{"start":{"line":353,"column":12},"end":{"line":353,"column":49}},"134":{"start":{"line":354,"column":12},"end":{"line":354,"column":71}},"135":{"start":{"line":355,"column":12},"end":{"line":355,"column":26}},"136":{"start":{"line":356,"column":15},"end":{"line":371,"column":9}},"137":{"start":{"line":357,"column":25},"end":{"line":357,"column":57}},"138":{"start":{"line":358,"column":12},"end":{"line":358,"column":37}},"139":{"start":{"line":359,"column":12},"end":{"line":359,"column":50}},"140":{"start":{"line":360,"column":12},"end":{"line":364,"column":13}},"141":{"start":{"line":360,"column":25},"end":{"line":360,"column":26}},"142":{"start":{"line":361,"column":29},"end":{"line":361,"column":61}},"143":{"start":{"line":362,"column":16},"end":{"line":362,"column":74}},"144":{"start":{"line":363,"column":16},"end":{"line":363,"column":43}},"145":{"start":{"line":365,"column":12},"end":{"line":365,"column":27}},"146":{"start":{"line":370,"column":12},"end":{"line":370,"column":63}},"147":{"start":{"line":373,"column":8},"end":{"line":375,"column":9}},"148":{"start":{"line":374,"column":12},"end":{"line":374,"column":65}},"149":{"start":{"line":377,"column":8},"end":{"line":377,"column":33}},"150":{"start":{"line":378,"column":8},"end":{"line":378,"column":32}},"151":{"start":{"line":389,"column":4},"end":{"line":389,"column":115}},"152":{"start":{"line":402,"column":4},"end":{"line":418,"column":6}},"153":{"start":{"line":403,"column":25},"end":{"line":403,"column":29}},"154":{"start":{"line":406,"column":8},"end":{"line":414,"column":9}},"155":{"start":{"line":407,"column":12},"end":{"line":407,"column":45}},"156":{"start":{"line":408,"column":15},"end":{"line":414,"column":9}},"157":{"start":{"line":409,"column":12},"end":{"line":409,"column":40}},"158":{"start":{"line":410,"column":15},"end":{"line":414,"column":9}},"159":{"start":{"line":411,"column":12},"end":{"line":411,"column":38}},"160":{"start":{"line":413,"column":12},"end":{"line":413,"column":47}},"161":{"start":{"line":416,"column":27},"end":{"line":416,"column":127}},"162":{"start":{"line":417,"column":8},"end":{"line":417,"column":67}},"163":{"start":{"line":433,"column":24},"end":{"line":433,"column":54}},"164":{"start":{"line":438,"column":4},"end":{"line":467,"column":5}},"165":{"start":{"line":443,"column":8},"end":{"line":443,"column":66}},"166":{"start":{"line":446,"column":27},"end":{"line":446,"column":54}},"167":{"start":{"line":447,"column":8},"end":{"line":447,"column":97}},"168":{"start":{"line":448,"column":8},"end":{"line":448,"column":52}},"169":{"start":{"line":449,"column":8},"end":{"line":449,"column":40}},"170":{"start":{"line":450,"column":8},"end":{"line":450,"column":39}},"171":{"start":{"line":453,"column":8},"end":{"line":456,"column":9}},"172":{"start":{"line":454,"column":12},"end":{"line":454,"column":70}},"173":{"start":{"line":455,"column":12},"end":{"line":455,"column":69}},"174":{"start":{"line":461,"column":8},"end":{"line":466,"column":9}},"175":{"start":{"line":463,"column":16},"end":{"line":463,"column":22}},"176":{"start":{"line":465,"column":16},"end":{"line":465,"column":22}},"177":{"start":{"line":496,"column":4},"end":{"line":496,"column":28}},"178":{"start":{"line":497,"column":4},"end":{"line":497,"column":94}},"179":{"start":{"line":508,"column":4},"end":{"line":508,"column":76}},"180":{"start":{"line":517,"column":4},"end":{"line":517,"column":33}},"181":{"start":{"line":519,"column":4},"end":{"line":519,"column":30}},"182":{"start":{"line":528,"column":4},"end":{"line":528,"column":36}},"183":{"start":{"line":529,"column":4},"end":{"line":529,"column":34}},"184":{"start":{"line":541,"column":22},"end":{"line":541,"column":76}},"185":{"start":{"line":544,"column":20},"end":{"line":544,"column":52}},"186":{"start":{"line":545,"column":4},"end":{"line":545,"column":49}},"187":{"start":{"line":546,"column":4},"end":{"line":547,"column":62}},"188":{"start":{"line":548,"column":4},"end":{"line":550,"column":5}},"189":{"start":{"line":549,"column":8},"end":{"line":549,"column":47}},"190":{"start":{"line":551,"column":4},"end":{"line":551,"column":39}},"191":{"start":{"line":561,"column":26},"end":{"line":566,"column":5}},"192":{"start":{"line":567,"column":4},"end":{"line":567,"column":56}},"193":{"start":{"line":577,"column":4},"end":{"line":581,"column":7}},"194":{"start":{"line":594,"column":4},"end":{"line":594,"column":33}},"195":{"start":{"line":596,"column":4},"end":{"line":596,"column":31}},"196":{"start":{"line":606,"column":26},"end":{"line":611,"column":5}},"197":{"start":{"line":612,"column":4},"end":{"line":612,"column":56}},"198":{"start":{"line":622,"column":20},"end":{"line":622,"column":52}},"199":{"start":{"line":623,"column":4},"end":{"line":623,"column":30}},"200":{"start":{"line":624,"column":4},"end":{"line":625,"column":67}},"201":{"start":{"line":626,"column":4},"end":{"line":626,"column":49}},"202":{"start":{"line":627,"column":4},"end":{"line":629,"column":5}},"203":{"start":{"line":628,"column":8},"end":{"line":628,"column":44}},"204":{"start":{"line":630,"column":4},"end":{"line":630,"column":82}},"205":{"start":{"line":640,"column":4},"end":{"line":644,"column":7}},"206":{"start":{"line":654,"column":21},"end":{"line":654,"column":71}},"207":{"start":{"line":656,"column":18},"end":{"line":656,"column":50}},"208":{"start":{"line":657,"column":4},"end":{"line":657,"column":28}},"209":{"start":{"line":658,"column":4},"end":{"line":658,"column":48}},"210":{"start":{"line":660,"column":4},"end":{"line":663,"column":5}},"211":{"start":{"line":662,"column":8},"end":{"line":662,"column":44}},"212":{"start":{"line":664,"column":4},"end":{"line":664,"column":36}},"213":{"start":{"line":675,"column":4},"end":{"line":675,"column":90}},"214":{"start":{"line":684,"column":20},"end":{"line":684,"column":22}},"215":{"start":{"line":686,"column":4},"end":{"line":688,"column":5}},"216":{"start":{"line":686,"column":19},"end":{"line":686,"column":20}},"217":{"start":{"line":687,"column":8},"end":{"line":687,"column":48}},"218":{"start":{"line":689,"column":4},"end":{"line":689,"column":21}},"219":{"start":{"line":699,"column":18},"end":{"line":699,"column":20}},"220":{"start":{"line":701,"column":4},"end":{"line":703,"column":5}},"221":{"start":{"line":701,"column":19},"end":{"line":701,"column":20}},"222":{"start":{"line":702,"column":8},"end":{"line":702,"column":52}},"223":{"start":{"line":704,"column":4},"end":{"line":704,"column":18}},"224":{"start":{"line":715,"column":19},"end":{"line":715,"column":21}},"225":{"start":{"line":716,"column":15},"end":{"line":716,"column":47}},"226":{"start":{"line":721,"column":4},"end":{"line":746,"column":6}},"227":{"start":{"line":727,"column":20},"end":{"line":727,"column":24}},"228":{"start":{"line":728,"column":8},"end":{"line":741,"column":9}},"229":{"start":{"line":730,"column":16},"end":{"line":730,"column":64}},"230":{"start":{"line":731,"column":16},"end":{"line":731,"column":22}},"231":{"start":{"line":733,"column":16},"end":{"line":733,"column":52}},"232":{"start":{"line":734,"column":16},"end":{"line":734,"column":22}},"233":{"start":{"line":737,"column":16},"end":{"line":737,"column":50}},"234":{"start":{"line":738,"column":16},"end":{"line":738,"column":22}},"235":{"start":{"line":740,"column":16},"end":{"line":740,"column":95}},"236":{"start":{"line":745,"column":8},"end":{"line":745,"column":72}},"237":{"start":{"line":747,"column":4},"end":{"line":747,"column":20}},"238":{"start":{"line":760,"column":4},"end":{"line":760,"column":28}},"239":{"start":{"line":762,"column":4},"end":{"line":762,"column":57}},"240":{"start":{"line":764,"column":4},"end":{"line":764,"column":55}},"241":{"start":{"line":769,"column":4},"end":{"line":769,"column":35}},"242":{"start":{"line":771,"column":4},"end":{"line":771,"column":58}},"243":{"start":{"line":780,"column":17},"end":{"line":780,"column":54}},"244":{"start":{"line":781,"column":19},"end":{"line":781,"column":21}},"245":{"start":{"line":782,"column":4},"end":{"line":784,"column":5}},"246":{"start":{"line":782,"column":19},"end":{"line":782,"column":20}},"247":{"start":{"line":783,"column":8},"end":{"line":783,"column":65}},"248":{"start":{"line":786,"column":22},"end":{"line":786,"column":24}},"249":{"start":{"line":787,"column":15},"end":{"line":787,"column":35}},"250":{"start":{"line":788,"column":21},"end":{"line":793,"column":5}},"251":{"start":{"line":794,"column":4},"end":{"line":794,"column":37}},"252":{"start":{"line":844,"column":0},"end":{"line":847,"column":1}},"253":{"start":{"line":845,"column":4},"end":{"line":845,"column":48}},"254":{"start":{"line":846,"column":4},"end":{"line":846,"column":30}}},"fnMap":{"0":{"name":"(anonymous_0)","decl":{"start":{"line":28,"column":4},"end":{"line":28,"column":5}},"loc":{"start":{"line":28,"column":30},"end":{"line":81,"column":5}},"line":28},"1":{"name":"invalidIfNegative","decl":{"start":{"line":93,"column":9},"end":{"line":93,"column":26}},"loc":{"start":{"line":93,"column":34},"end":{"line":98,"column":1}},"line":93},"2":{"name":"setConfig","decl":{"start":{"line":110,"column":9},"end":{"line":110,"column":18}},"loc":{"start":{"line":110,"column":33},"end":{"line":116,"column":1}},"line":110},"3":{"name":"validateConfig","decl":{"start":{"line":124,"column":9},"end":{"line":124,"column":23}},"loc":{"start":{"line":124,"column":32},"end":{"line":151,"column":1}},"line":124},"4":{"name":"createSubDivs","decl":{"start":{"line":158,"column":9},"end":{"line":158,"column":22}},"loc":{"start":{"line":158,"column":31},"end":{"line":171,"column":1}},"line":158},"5":{"name":"createTable","decl":{"start":{"line":178,"column":9},"end":{"line":178,"column":20}},"loc":{"start":{"line":178,"column":29},"end":{"line":200,"column":1}},"line":178},"6":{"name":"createColumnHeader","decl":{"start":{"line":202,"column":9},"end":{"line":202,"column":27}},"loc":{"start":{"line":202,"column":36},"end":{"line":217,"column":1}},"line":202},"7":{"name":"createColumnHeaderCell","decl":{"start":{"line":219,"column":9},"end":{"line":219,"column":31}},"loc":{"start":{"line":219,"column":50},"end":{"line":234,"column":1}},"line":219},"8":{"name":"createRowHeaderCell","decl":{"start":{"line":236,"column":9},"end":{"line":236,"column":28}},"loc":{"start":{"line":236,"column":47},"end":{"line":248,"column":1}},"line":236},"9":{"name":"addSingleColumn","decl":{"start":{"line":257,"column":9},"end":{"line":257,"column":24}},"loc":{"start":{"line":257,"column":33},"end":{"line":274,"column":1}},"line":257},"10":{"name":"deleteSingleColumn","decl":{"start":{"line":282,"column":9},"end":{"line":282,"column":27}},"loc":{"start":{"line":282,"column":36},"end":{"line":289,"column":1}},"line":282},"11":{"name":"addSingleRow","decl":{"start":{"line":298,"column":9},"end":{"line":298,"column":21}},"loc":{"start":{"line":298,"column":30},"end":{"line":313,"column":1}},"line":298},"12":{"name":"createRowHeader","decl":{"start":{"line":316,"column":9},"end":{"line":316,"column":24}},"loc":{"start":{"line":316,"column":58},"end":{"line":321,"column":1}},"line":316},"13":{"name":"createEntryCell","decl":{"start":{"line":331,"column":9},"end":{"line":331,"column":24}},"loc":{"start":{"line":331,"column":58},"end":{"line":380,"column":1}},"line":331},"14":{"name":"cellFieldHasCallback","decl":{"start":{"line":388,"column":9},"end":{"line":388,"column":29}},"loc":{"start":{"line":388,"column":48},"end":{"line":390,"column":1}},"line":388},"15":{"name":"createCallbackListener","decl":{"start":{"line":400,"column":9},"end":{"line":400,"column":31}},"loc":{"start":{"line":400,"column":63},"end":{"line":419,"column":1}},"line":400},"16":{"name":"(anonymous_16)","decl":{"start":{"line":402,"column":39},"end":{"line":402,"column":40}},"loc":{"start":{"line":402,"column":51},"end":{"line":418,"column":5}},"line":402},"17":{"name":"handleCallbackReturn","decl":{"start":{"line":429,"column":9},"end":{"line":429,"column":29}},"loc":{"start":{"line":429,"column":68},"end":{"line":468,"column":1}},"line":429},"18":{"name":"deleteSingleRow","decl":{"start":{"line":495,"column":9},"end":{"line":495,"column":24}},"loc":{"start":{"line":495,"column":33},"end":{"line":498,"column":1}},"line":495},"19":{"name":"cellIndexToElementId","decl":{"start":{"line":507,"column":9},"end":{"line":507,"column":29}},"loc":{"start":{"line":507,"column":64},"end":{"line":509,"column":1}},"line":507},"20":{"name":"createEntryBox","decl":{"start":{"line":516,"column":9},"end":{"line":516,"column":23}},"loc":{"start":{"line":516,"column":32},"end":{"line":520,"column":1}},"line":516},"21":{"name":"createColumnEntryBox","decl":{"start":{"line":527,"column":9},"end":{"line":527,"column":29}},"loc":{"start":{"line":527,"column":38},"end":{"line":530,"column":1}},"line":527},"22":{"name":"createRowOrColumnInputAndBtn","decl":{"start":{"line":540,"column":9},"end":{"line":540,"column":37}},"loc":{"start":{"line":540,"column":61},"end":{"line":552,"column":1}},"line":540},"23":{"name":"(anonymous_23)","decl":{"start":{"line":548,"column":24},"end":{"line":548,"column":25}},"loc":{"start":{"line":548,"column":36},"end":{"line":550,"column":5}},"line":548},"24":{"name":"createColumnInputAndBtn","decl":{"start":{"line":560,"column":9},"end":{"line":560,"column":32}},"loc":{"start":{"line":560,"column":41},"end":{"line":568,"column":1}},"line":560},"25":{"name":"createColumnDeleteBtn","decl":{"start":{"line":576,"column":9},"end":{"line":576,"column":30}},"loc":{"start":{"line":576,"column":39},"end":{"line":582,"column":1}},"line":576},"26":{"name":"createRowEntryBox","decl":{"start":{"line":589,"column":9},"end":{"line":589,"column":26}},"loc":{"start":{"line":589,"column":35},"end":{"line":597,"column":1}},"line":589},"27":{"name":"createRowInputAndBtn","decl":{"start":{"line":605,"column":9},"end":{"line":605,"column":29}},"loc":{"start":{"line":605,"column":38},"end":{"line":613,"column":1}},"line":605},"28":{"name":"createDeleteBtn","decl":{"start":{"line":621,"column":9},"end":{"line":621,"column":24}},"loc":{"start":{"line":621,"column":47},"end":{"line":631,"column":1}},"line":621},"29":{"name":"(anonymous_29)","decl":{"start":{"line":627,"column":24},"end":{"line":627,"column":25}},"loc":{"start":{"line":627,"column":36},"end":{"line":629,"column":5}},"line":627},"30":{"name":"createRowDeleteBtn","decl":{"start":{"line":639,"column":9},"end":{"line":639,"column":27}},"loc":{"start":{"line":639,"column":36},"end":{"line":645,"column":1}},"line":639},"31":{"name":"createJSONButton","decl":{"start":{"line":653,"column":9},"end":{"line":653,"column":25}},"loc":{"start":{"line":653,"column":40},"end":{"line":665,"column":1}},"line":653},"32":{"name":"(anonymous_32)","decl":{"start":{"line":660,"column":22},"end":{"line":660,"column":23}},"loc":{"start":{"line":660,"column":34},"end":{"line":663,"column":5}},"line":660},"33":{"name":"getCellElement","decl":{"start":{"line":674,"column":9},"end":{"line":674,"column":23}},"loc":{"start":{"line":674,"column":45},"end":{"line":676,"column":1}},"line":674},"34":{"name":"getTableData","decl":{"start":{"line":683,"column":9},"end":{"line":683,"column":21}},"loc":{"start":{"line":683,"column":30},"end":{"line":690,"column":1}},"line":683},"35":{"name":"getRowData","decl":{"start":{"line":698,"column":9},"end":{"line":698,"column":19}},"loc":{"start":{"line":698,"column":33},"end":{"line":705,"column":1}},"line":698},"36":{"name":"getCellData","decl":{"start":{"line":714,"column":9},"end":{"line":714,"column":20}},"loc":{"start":{"line":714,"column":39},"end":{"line":748,"column":1}},"line":714},"37":{"name":"(anonymous_37)","decl":{"start":{"line":721,"column":28},"end":{"line":721,"column":29}},"loc":{"start":{"line":721,"column":52},"end":{"line":746,"column":5}},"line":721},"38":{"name":"dtCreateDataTable","decl":{"start":{"line":759,"column":9},"end":{"line":759,"column":26}},"loc":{"start":{"line":759,"column":41},"end":{"line":772,"column":1}},"line":759},"39":{"name":"dtToJSON","decl":{"start":{"line":779,"column":9},"end":{"line":779,"column":17}},"loc":{"start":{"line":779,"column":32},"end":{"line":795,"column":1}},"line":779}},"branchMap":{"0":{"loc":{"start":{"line":29,"column":30},"end":{"line":29,"column":91}},"type":"cond-expr","locations":[{"start":{"line":29,"column":67},"end":{"line":29,"column":68}},{"start":{"line":29,"column":71},"end":{"line":29,"column":91}}],"line":29},"1":{"loc":{"start":{"line":30,"column":33},"end":{"line":30,"column":100}},"type":"cond-expr","locations":[{"start":{"line":30,"column":73},"end":{"line":30,"column":74}},{"start":{"line":30,"column":77},"end":{"line":30,"column":100}}],"line":30},"2":{"loc":{"start":{"line":31,"column":24},"end":{"line":31,"column":91}},"type":"cond-expr","locations":[{"start":{"line":31,"column":62},"end":{"line":31,"column":67}},{"start":{"line":31,"column":70},"end":{"line":31,"column":91}}],"line":31},"3":{"loc":{"start":{"line":32,"column":27},"end":{"line":32,"column":103}},"type":"cond-expr","locations":[{"start":{"line":32,"column":68},"end":{"line":32,"column":76}},{"start":{"line":32,"column":79},"end":{"line":32,"column":103}}],"line":32},"4":{"loc":{"start":{"line":39,"column":32},"end":{"line":39,"column":114}},"type":"cond-expr","locations":[{"start":{"line":39,"column":78},"end":{"line":39,"column":82}},{"start":{"line":39,"column":85},"end":{"line":39,"column":114}}],"line":39},"5":{"loc":{"start":{"line":40,"column":35},"end":{"line":40,"column":124}},"type":"cond-expr","locations":[{"start":{"line":40,"column":84},"end":{"line":40,"column":89}},{"start":{"line":40,"column":92},"end":{"line":40,"column":124}}],"line":40},"6":{"loc":{"start":{"line":69,"column":19},"end":{"line":69,"column":94}},"type":"cond-expr","locations":[{"start":{"line":69,"column":54},"end":{"line":69,"column":73}},{"start":{"line":69,"column":76},"end":{"line":69,"column":94}}],"line":69},"7":{"loc":{"start":{"line":70,"column":19},"end":{"line":70,"column":90}},"type":"cond-expr","locations":[{"start":{"line":70,"column":54},"end":{"line":70,"column":69}},{"start":{"line":70,"column":72},"end":{"line":70,"column":90}}],"line":70},"8":{"loc":{"start":{"line":71,"column":20},"end":{"line":71,"column":105}},"type":"cond-expr","locations":[{"start":{"line":71,"column":56},"end":{"line":71,"column":83}},{"start":{"line":71,"column":86},"end":{"line":71,"column":105}}],"line":71},"9":{"loc":{"start":{"line":72,"column":23},"end":{"line":72,"column":112}},"type":"cond-expr","locations":[{"start":{"line":72,"column":62},"end":{"line":72,"column":87}},{"start":{"line":72,"column":90},"end":{"line":72,"column":112}}],"line":72},"10":{"loc":{"start":{"line":94,"column":4},"end":{"line":96,"column":5}},"type":"if","locations":[{"start":{"line":94,"column":4},"end":{"line":96,"column":5}},{"start":{"line":94,"column":4},"end":{"line":96,"column":5}}],"line":94},"11":{"loc":{"start":{"line":125,"column":4},"end":{"line":127,"column":5}},"type":"if","locations":[{"start":{"line":125,"column":4},"end":{"line":127,"column":5}},{"start":{"line":125,"column":4},"end":{"line":127,"column":5}}],"line":125},"12":{"loc":{"start":{"line":129,"column":4},"end":{"line":131,"column":5}},"type":"if","locations":[{"start":{"line":129,"column":4},"end":{"line":131,"column":5}},{"start":{"line":129,"column":4},"end":{"line":131,"column":5}}],"line":129},"13":{"loc":{"start":{"line":129,"column":8},"end":{"line":129,"column":67}},"type":"binary-expr","locations":[{"start":{"line":129,"column":8},"end":{"line":129,"column":37}},{"start":{"line":129,"column":41},"end":{"line":129,"column":67}}],"line":129},"14":{"loc":{"start":{"line":133,"column":4},"end":{"line":135,"column":5}},"type":"if","locations":[{"start":{"line":133,"column":4},"end":{"line":135,"column":5}},{"start":{"line":133,"column":4},"end":{"line":135,"column":5}}],"line":133},"15":{"loc":{"start":{"line":137,"column":4},"end":{"line":139,"column":5}},"type":"if","locations":[{"start":{"line":137,"column":4},"end":{"line":139,"column":5}},{"start":{"line":137,"column":4},"end":{"line":139,"column":5}}],"line":137},"16":{"loc":{"start":{"line":147,"column":8},"end":{"line":149,"column":9}},"type":"if","locations":[{"start":{"line":147,"column":8},"end":{"line":149,"column":9}},{"start":{"line":147,"column":8},"end":{"line":149,"column":9}}],"line":147},"17":{"loc":{"start":{"line":220,"column":4},"end":{"line":222,"column":5}},"type":"if","locations":[{"start":{"line":220,"column":4},"end":{"line":222,"column":5}},{"start":{"line":220,"column":4},"end":{"line":222,"column":5}}],"line":220},"18":{"loc":{"start":{"line":223,"column":4},"end":{"line":226,"column":5}},"type":"if","locations":[{"start":{"line":223,"column":4},"end":{"line":226,"column":5}},{"start":{"line":223,"column":4},"end":{"line":226,"column":5}}],"line":223},"19":{"loc":{"start":{"line":237,"column":4},"end":{"line":240,"column":5}},"type":"if","locations":[{"start":{"line":237,"column":4},"end":{"line":240,"column":5}},{"start":{"line":237,"column":4},"end":{"line":240,"column":5}}],"line":237},"20":{"loc":{"start":{"line":305,"column":8},"end":{"line":309,"column":9}},"type":"if","locations":[{"start":{"line":305,"column":8},"end":{"line":309,"column":9}},{"start":{"line":305,"column":8},"end":{"line":309,"column":9}}],"line":305},"21":{"loc":{"start":{"line":344,"column":8},"end":{"line":371,"column":9}},"type":"if","locations":[{"start":{"line":344,"column":8},"end":{"line":371,"column":9}},{"start":{"line":344,"column":8},"end":{"line":371,"column":9}}],"line":344},"22":{"loc":{"start":{"line":344,"column":12},"end":{"line":344,"column":46}},"type":"binary-expr","locations":[{"start":{"line":344,"column":12},"end":{"line":344,"column":27}},{"start":{"line":344,"column":31},"end":{"line":344,"column":46}}],"line":344},"23":{"loc":{"start":{"line":350,"column":15},"end":{"line":371,"column":9}},"type":"if","locations":[{"start":{"line":350,"column":15},"end":{"line":371,"column":9}},{"start":{"line":350,"column":15},"end":{"line":371,"column":9}}],"line":350},"24":{"loc":{"start":{"line":356,"column":15},"end":{"line":371,"column":9}},"type":"if","locations":[{"start":{"line":356,"column":15},"end":{"line":371,"column":9}},{"start":{"line":356,"column":15},"end":{"line":371,"column":9}}],"line":356},"25":{"loc":{"start":{"line":373,"column":8},"end":{"line":375,"column":9}},"type":"if","locations":[{"start":{"line":373,"column":8},"end":{"line":375,"column":9}},{"start":{"line":373,"column":8},"end":{"line":375,"column":9}}],"line":373},"26":{"loc":{"start":{"line":389,"column":11},"end":{"line":389,"column":114}},"type":"binary-expr","locations":[{"start":{"line":389,"column":11},"end":{"line":389,"column":63}},{"start":{"line":389,"column":67},"end":{"line":389,"column":114}}],"line":389},"27":{"loc":{"start":{"line":406,"column":8},"end":{"line":414,"column":9}},"type":"if","locations":[{"start":{"line":406,"column":8},"end":{"line":414,"column":9}},{"start":{"line":406,"column":8},"end":{"line":414,"column":9}}],"line":406},"28":{"loc":{"start":{"line":408,"column":15},"end":{"line":414,"column":9}},"type":"if","locations":[{"start":{"line":408,"column":15},"end":{"line":414,"column":9}},{"start":{"line":408,"column":15},"end":{"line":414,"column":9}}],"line":408},"29":{"loc":{"start":{"line":410,"column":15},"end":{"line":414,"column":9}},"type":"if","locations":[{"start":{"line":410,"column":15},"end":{"line":414,"column":9}},{"start":{"line":410,"column":15},"end":{"line":414,"column":9}}],"line":410},"30":{"loc":{"start":{"line":438,"column":4},"end":{"line":467,"column":5}},"type":"if","locations":[{"start":{"line":438,"column":4},"end":{"line":467,"column":5}},{"start":{"line":438,"column":4},"end":{"line":467,"column":5}}],"line":438},"31":{"loc":{"start":{"line":453,"column":8},"end":{"line":456,"column":9}},"type":"if","locations":[{"start":{"line":453,"column":8},"end":{"line":456,"column":9}},{"start":{"line":453,"column":8},"end":{"line":456,"column":9}}],"line":453},"32":{"loc":{"start":{"line":461,"column":8},"end":{"line":466,"column":9}},"type":"switch","locations":[{"start":{"line":462,"column":12},"end":{"line":463,"column":22}},{"start":{"line":464,"column":12},"end":{"line":465,"column":22}}],"line":461},"33":{"loc":{"start":{"line":728,"column":8},"end":{"line":741,"column":9}},"type":"switch","locations":[{"start":{"line":729,"column":12},"end":{"line":731,"column":22}},{"start":{"line":732,"column":12},"end":{"line":734,"column":22}},{"start":{"line":735,"column":12},"end":{"line":735,"column":24}},{"start":{"line":736,"column":12},"end":{"line":738,"column":22}},{"start":{"line":739,"column":12},"end":{"line":740,"column":95}}],"line":728},"34":{"loc":{"start":{"line":844,"column":0},"end":{"line":847,"column":1}},"type":"if","locations":[{"start":{"line":844,"column":0},"end":{"line":847,"column":1}},{"start":{"line":844,"column":0},"end":{"line":847,"column":1}}],"line":844}},"s":{"0":1,"1":44,"2":44,"3":44,"4":44,"5":44,"6":44,"7":44,"8":44,"9":44,"10":44,"11":44,"12":44,"13":44,"14":44,"15":0,"16":0,"17":0,"18":44,"19":44,"20":38,"21":44,"22":1,"23":43,"24":2,"25":41,"26":1,"27":40,"28":1,"29":39,"30":39,"31":74,"32":1,"33":38,"34":38,"35":38,"36":38,"37":38,"38":38,"39":38,"40":38,"41":37,"42":37,"43":37,"44":37,"45":37,"46":37,"47":37,"48":37,"49":37,"50":37,"51":37,"52":37,"53":37,"54":37,"55":37,"56":37,"57":107,"58":37,"59":37,"60":37,"61":144,"62":144,"63":144,"64":144,"65":37,"66":37,"67":146,"68":37,"69":109,"70":96,"71":96,"72":13,"73":13,"74":13,"75":13,"76":13,"77":109,"78":3,"79":3,"80":106,"81":106,"82":106,"83":106,"84":106,"85":2,"86":2,"87":2,"88":2,"89":2,"90":2,"91":2,"92":2,"93":2,"94":6,"95":2,"96":1,"97":1,"98":1,"99":1,"100":4,"101":1,"102":109,"103":109,"104":109,"105":109,"106":432,"107":109,"108":323,"109":109,"110":109,"111":109,"112":109,"113":109,"114":329,"115":329,"116":329,"117":329,"118":329,"119":647,"120":647,"121":647,"122":647,"123":647,"124":647,"125":320,"126":320,"127":320,"128":320,"129":320,"130":327,"131":9,"132":9,"133":9,"134":9,"135":9,"136":318,"137":318,"138":318,"139":318,"140":318,"141":318,"142":636,"143":636,"144":636,"145":318,"146":0,"147":647,"148":320,"149":647,"150":647,"151":647,"152":320,"153":3,"154":3,"155":3,"156":0,"157":0,"158":0,"159":0,"160":0,"161":3,"162":3,"163":3,"164":3,"165":2,"166":2,"167":2,"168":2,"169":2,"170":2,"171":1,"172":1,"173":1,"174":1,"175":0,"176":1,"177":1,"178":1,"179":585,"180":37,"181":37,"182":37,"183":37,"184":74,"185":74,"186":74,"187":74,"188":74,"189":4,"190":74,"191":37,"192":37,"193":37,"194":37,"195":37,"196":37,"197":37,"198":74,"199":74,"200":74,"201":74,"202":74,"203":2,"204":74,"205":37,"206":37,"207":37,"208":37,"209":37,"210":37,"211":0,"212":37,"213":1,"214":1,"215":1,"216":1,"217":1,"218":0,"219":1,"220":1,"221":1,"222":1,"223":0,"224":1,"225":1,"226":1,"227":0,"228":0,"229":0,"230":0,"231":0,"232":0,"233":0,"234":0,"235":0,"236":0,"237":0,"238":44,"239":38,"240":37,"241":37,"242":37,"243":1,"244":1,"245":1,"246":1,"247":0,"248":1,"249":1,"250":0,"251":0,"252":1,"253":1,"254":1},"f":{"0":44,"1":0,"2":44,"3":44,"4":38,"5":37,"6":37,"7":146,"8":109,"9":2,"10":1,"11":109,"12":109,"13":329,"14":647,"15":320,"16":3,"17":3,"18":1,"19":585,"20":37,"21":37,"22":74,"23":4,"24":37,"25":37,"26":37,"27":37,"28":74,"29":2,"30":37,"31":37,"32":0,"33":1,"34":1,"35":1,"36":1,"37":0,"38":44,"39":1},"b":{"0":[40,4],"1":[41,3],"2":[44,0],"3":[44,0],"4":[39,5],"5":[39,5],"6":[38,6],"7":[39,5],"8":[41,3],"9":[41,3],"10":[0,0],"11":[1,43],"12":[2,41],"13":[43,42],"14":[1,40],"15":[1,39],"16":[1,73],"17":[37,109],"18":[96,13],"19":[3,106],"20":[109,323],"21":[320,327],"22":[647,327],"23":[9,318],"24":[318,0],"25":[320,327],"26":[647,629],"27":[3,0],"28":[0,0],"29":[0,0],"30":[2,1],"31":[1,0],"32":[0,1],"33":[0,0,0,0,0],"34":[1,0]},"_coverageSchema":"1a1c01bbd47fc00a2c39e90264f33305004495a9","hash":"7a71559382fe93bc17e1094d5f0f59ae3c8ea7ab"}
}
