TN:
SF:data-table/table.js
FN:28,(anonymous_0)
FN:93,invalidIfNegative
FN:110,setConfig
FN:124,validateConfig
FN:158,createSubDivs
FN:178,createTable
FN:202,createColumnHeader
FN:219,createColumnHeaderCell
FN:236,createRowHeaderCell
FN:257,addSingleColumn
FN:282,deleteSingleColumn
FN:298,addSingleRow
FN:316,createRowHeader
FN:331,createEntryCell
FN:388,cellFieldHasCallback
FN:400,createCallbackListener
FN:402,(anonymous_16)
FN:429,handleCallbackReturn
FN:495,deleteSingleRow
FN:507,cellIndexToElementId
FN:516,createEntryBox
FN:527,createColumnEntryBox
FN:540,createRowOrColumnInputAndBtn
FN:548,(anonymous_23)
FN:560,createColumnInputAndBtn
FN:576,createColumnDeleteBtn
FN:589,createRowEntryBox
FN:605,createRowInputAndBtn
FN:621,createDeleteBtn
FN:627,(anonymous_29)
FN:639,createRowDeleteBtn
FN:653,createJSONButton
FN:660,(anonymous_32)
FN:674,getCellElement
FN:683,getTableData
FN:697,getRowData
FN:712,getCellData
FN:719,(anonymous_37)
FN:757,dtCreateDataTable
FN:777,dtToJSON
FNF:40
FNH:32
FNDA:42,(anonymous_0)
FNDA:0,invalidIfNegative
FNDA:42,setConfig
FNDA:42,validateConfig
FNDA:36,createSubDivs
FNDA:35,createTable
FNDA:35,createColumnHeader
FNDA:138,createColumnHeaderCell
FNDA:103,createRowHeaderCell
FNDA:2,addSingleColumn
FNDA:1,deleteSingleColumn
FNDA:103,addSingleRow
FNDA:103,createRowHeader
FNDA:311,createEntryCell
FNDA:611,cellFieldHasCallback
FNDA:311,createCallbackListener
FNDA:3,(anonymous_16)
FNDA:3,handleCallbackReturn
FNDA:1,deleteSingleRow
FNDA:552,cellIndexToElementId
FNDA:35,createEntryBox
FNDA:35,createColumnEntryBox
FNDA:70,createRowOrColumnInputAndBtn
FNDA:4,(anonymous_23)
FNDA:35,createColumnInputAndBtn
FNDA:35,createColumnDeleteBtn
FNDA:35,createRowEntryBox
FNDA:35,createRowInputAndBtn
FNDA:70,createDeleteBtn
FNDA:2,(anonymous_29)
FNDA:35,createRowDeleteBtn
FNDA:35,createJSONButton
FNDA:0,(anonymous_32)
FNDA:0,getCellElement
FNDA:0,getTableData
FNDA:0,getRowData
FNDA:0,getCellData
FNDA:0,(anonymous_37)
FNDA:42,dtCreateDataTable
FNDA:0,dtToJSON
DA:9,1
DA:29,42
DA:30,42
DA:31,42
DA:32,42
DA:36,42
DA:37,42
DA:38,42
DA:39,42
DA:40,42
DA:49,42
DA:56,42
DA:68,42
DA:79,42
DA:80,42
DA:94,0
DA:95,0
DA:97,0
DA:111,42
DA:113,42
DA:115,36
DA:125,42
DA:126,1
DA:129,41
DA:130,2
DA:133,39
DA:134,1
DA:137,38
DA:138,1
DA:144,37
DA:146,37
DA:147,70
DA:148,1
DA:159,36
DA:161,36
DA:162,36
DA:163,36
DA:165,36
DA:166,36
DA:167,36
DA:169,36
DA:170,35
DA:179,35
DA:180,35
DA:181,35
DA:183,35
DA:184,35
DA:186,35
DA:187,35
DA:189,35
DA:190,35
DA:191,35
DA:192,35
DA:193,35
DA:195,35
DA:197,35
DA:198,101
DA:204,35
DA:206,35
DA:208,136
DA:209,136
DA:210,136
DA:212,136
DA:215,35
DA:216,35
DA:220,138
DA:221,35
DA:223,103
DA:224,90
DA:225,90
DA:229,13
DA:230,13
DA:231,13
DA:232,13
DA:233,13
DA:237,103
DA:238,3
DA:239,3
DA:243,100
DA:244,100
DA:245,100
DA:246,100
DA:247,100
DA:258,2
DA:259,2
DA:260,2
DA:262,2
DA:263,2
DA:264,2
DA:266,2
DA:268,2
DA:269,6
DA:273,2
DA:283,1
DA:284,1
DA:285,1
DA:286,4
DA:288,1
DA:300,103
DA:301,103
DA:303,103
DA:305,408
DA:306,103
DA:308,305
DA:312,103
DA:317,103
DA:318,103
DA:319,103
DA:320,103
DA:332,311
DA:333,311
DA:334,311
DA:336,311
DA:337,611
DA:339,611
DA:340,611
DA:341,611
DA:343,611
DA:344,611
DA:345,302
DA:346,302
DA:347,302
DA:348,302
DA:349,302
DA:350,309
DA:351,9
DA:352,9
DA:353,9
DA:354,9
DA:355,9
DA:356,300
DA:357,300
DA:358,300
DA:359,300
DA:360,300
DA:361,600
DA:362,600
DA:363,600
DA:365,300
DA:370,0
DA:373,611
DA:374,311
DA:377,611
DA:378,611
DA:389,611
DA:402,311
DA:403,3
DA:406,3
DA:407,3
DA:408,0
DA:409,0
DA:410,0
DA:411,0
DA:413,0
DA:416,3
DA:417,3
DA:433,3
DA:438,3
DA:443,2
DA:446,2
DA:447,2
DA:448,2
DA:449,2
DA:450,2
DA:453,1
DA:454,1
DA:455,1
DA:461,1
DA:463,0
DA:465,1
DA:496,1
DA:497,1
DA:508,552
DA:517,35
DA:519,35
DA:528,35
DA:529,35
DA:541,70
DA:544,70
DA:545,70
DA:546,70
DA:548,70
DA:549,4
DA:551,70
DA:561,35
DA:567,35
DA:577,35
DA:594,35
DA:596,35
DA:606,35
DA:612,35
DA:622,70
DA:623,70
DA:624,70
DA:626,70
DA:627,70
DA:628,2
DA:630,70
DA:640,35
DA:654,35
DA:656,35
DA:657,35
DA:658,35
DA:660,35
DA:662,0
DA:664,35
DA:675,0
DA:684,0
DA:685,0
DA:686,0
DA:688,0
DA:698,0
DA:699,0
DA:700,0
DA:702,0
DA:713,0
DA:714,0
DA:719,0
DA:725,0
DA:726,0
DA:728,0
DA:729,0
DA:731,0
DA:732,0
DA:735,0
DA:736,0
DA:738,0
DA:743,0
DA:745,0
DA:758,42
DA:760,36
DA:762,35
DA:767,35
DA:769,35
DA:778,0
DA:779,0
DA:780,0
DA:781,0
DA:784,0
DA:785,0
DA:786,0
DA:792,0
DA:842,1
DA:843,1
DA:844,1
LF:245
LH:203
BRDA:29,0,0,38
BRDA:29,0,1,4
BRDA:30,1,0,39
BRDA:30,1,1,3
BRDA:31,2,0,42
BRDA:31,2,1,0
BRDA:32,3,0,42
BRDA:32,3,1,0
BRDA:39,4,0,37
BRDA:39,4,1,5
BRDA:40,5,0,37
BRDA:40,5,1,5
BRDA:69,6,0,36
BRDA:69,6,1,6
BRDA:70,7,0,37
BRDA:70,7,1,5
BRDA:71,8,0,39
BRDA:71,8,1,3
BRDA:72,9,0,40
BRDA:72,9,1,2
BRDA:94,10,0,0
BRDA:94,10,1,0
BRDA:125,11,0,1
BRDA:125,11,1,41
BRDA:129,12,0,2
BRDA:129,12,1,39
BRDA:129,13,0,41
BRDA:129,13,1,40
BRDA:133,14,0,1
BRDA:133,14,1,38
BRDA:137,15,0,1
BRDA:137,15,1,37
BRDA:147,16,0,1
BRDA:147,16,1,69
BRDA:220,17,0,35
BRDA:220,17,1,103
BRDA:223,18,0,90
BRDA:223,18,1,13
BRDA:237,19,0,3
BRDA:237,19,1,100
BRDA:305,20,0,103
BRDA:305,20,1,305
BRDA:344,21,0,302
BRDA:344,21,1,309
BRDA:344,22,0,611
BRDA:344,22,1,309
BRDA:350,23,0,9
BRDA:350,23,1,300
BRDA:356,24,0,300
BRDA:356,24,1,0
BRDA:373,25,0,311
BRDA:373,25,1,300
BRDA:389,26,0,611
BRDA:389,26,1,611
BRDA:406,27,0,3
BRDA:406,27,1,0
BRDA:408,28,0,0
BRDA:408,28,1,0
BRDA:410,29,0,0
BRDA:410,29,1,0
BRDA:438,30,0,2
BRDA:438,30,1,1
BRDA:453,31,0,1
BRDA:453,31,1,0
BRDA:461,32,0,0
BRDA:461,32,1,1
BRDA:726,33,0,0
BRDA:726,33,1,0
BRDA:726,33,2,0
BRDA:726,33,3,0
BRDA:726,33,4,0
BRDA:842,34,0,1
BRDA:842,34,1,0
BRF:73
BRH:55
end_of_record
