TN:
SF:data-table/table.js
FN:28,(anonymous_0)
FN:94,setConfig
FN:108,validateConfig
FN:142,createSubDivs
FN:160,createTable
FN:184,createColumnHeader
FN:201,createColumnHeaderCell
FN:218,createRowHeaderCell
FN:237,createLeftPanelButton
FN:252,addSingleColumn
FN:278,deleteSingleColumn
FN:299,addSingleRow
FN:317,createRowHeader
FN:332,createEntryCell
FN:382,(anonymous_14)
FN:400,cellFieldHasCallback
FN:416,updateErrorMessageHelper
FN:430,updateErrorMessage
FN:486,deleteSingleRow
FN:503,constructElementId
FN:515,constructInputFieldId
FN:524,createEntryBox
FN:535,createColumnEntryBox
FN:548,createRowOrColumnInputAndBtn
FN:554,(anonymous_24)
FN:566,createColumnInputAndBtn
FN:582,createColumnDeleteBtn
FN:595,createRowEntryBox
FN:611,createRowInputAndBtn
FN:627,createDeleteBtn
FN:630,(anonymous_30)
FN:642,createRowDeleteBtn
FN:656,createJSONButton
FN:663,(anonymous_33)
FN:677,getCellElement
FN:696,getTableData
FN:711,getRowData
FN:727,getCellData
FN:780,dtCreateDataTable
FN:802,dtGetCellData
FN:817,dtSetCellErrorMessage
FN:830,dtClearCellErrorMessage
FN:843,dtDisableField
FN:859,dtEnableField
FN:869,dtGetNumRows
FN:879,dtGetNumColumns
FN:889,dtToJSON
FNF:47
FNH:43
FNDA:60,(anonymous_0)
FNDA:60,setConfig
FNDA:60,validateConfig
FNDA:54,createSubDivs
FNDA:53,createTable
FNDA:53,createColumnHeader
FNDA:202,createColumnHeaderCell
FNDA:149,createRowHeaderCell
FNDA:212,createLeftPanelButton
FNDA:2,addSingleColumn
FNDA:4,deleteSingleColumn
FNDA:149,addSingleRow
FNDA:149,createRowHeader
FNDA:441,createEntryCell
FNDA:8,(anonymous_14)
FNDA:869,cellFieldHasCallback
FNDA:8,updateErrorMessageHelper
FNDA:16,updateErrorMessage
FNDA:4,deleteSingleRow
FNDA:812,constructElementId
FNDA:873,constructInputFieldId
FNDA:53,createEntryBox
FNDA:53,createColumnEntryBox
FNDA:106,createRowOrColumnInputAndBtn
FNDA:4,(anonymous_24)
FNDA:53,createColumnInputAndBtn
FNDA:53,createColumnDeleteBtn
FNDA:53,createRowEntryBox
FNDA:53,createRowInputAndBtn
FNDA:106,createDeleteBtn
FNDA:8,(anonymous_30)
FNDA:53,createRowDeleteBtn
FNDA:53,createJSONButton
FNDA:0,(anonymous_33)
FNDA:15,getCellElement
FNDA:0,getTableData
FNDA:0,getRowData
FNDA:15,getCellData
FNDA:60,dtCreateDataTable
FNDA:7,dtGetCellData
FNDA:4,dtSetCellErrorMessage
FNDA:4,dtClearCellErrorMessage
FNDA:3,dtDisableField
FNDA:1,dtEnableField
FNDA:15,dtGetNumRows
FNDA:15,dtGetNumColumns
FNDA:0,dtToJSON
DA:9,1
DA:29,60
DA:30,60
DA:31,60
DA:32,60
DA:36,60
DA:37,60
DA:38,60
DA:39,60
DA:40,60
DA:49,60
DA:56,60
DA:68,60
DA:79,60
DA:80,60
DA:95,60
DA:97,60
DA:99,54
DA:109,60
DA:110,1
DA:113,59
DA:114,2
DA:117,57
DA:118,1
DA:121,56
DA:122,1
DA:128,55
DA:130,55
DA:131,104
DA:132,1
DA:143,54
DA:144,54
DA:145,54
DA:147,54
DA:148,54
DA:149,54
DA:151,54
DA:152,53
DA:161,53
DA:162,53
DA:163,53
DA:165,53
DA:166,53
DA:168,53
DA:169,53
DA:171,53
DA:172,53
DA:173,53
DA:174,53
DA:175,53
DA:177,53
DA:179,53
DA:180,147
DA:186,53
DA:188,53
DA:190,200
DA:191,200
DA:192,200
DA:194,200
DA:197,53
DA:198,53
DA:202,202
DA:203,53
DA:205,149
DA:206,136
DA:207,136
DA:211,13
DA:212,13
DA:213,13
DA:214,13
DA:215,13
DA:219,149
DA:220,33
DA:221,33
DA:225,116
DA:226,116
DA:227,116
DA:228,116
DA:229,116
DA:238,212
DA:239,212
DA:240,212
DA:241,212
DA:242,212
DA:253,2
DA:254,2
DA:255,2
DA:257,2
DA:258,2
DA:259,2
DA:261,2
DA:263,2
DA:264,6
DA:268,2
DA:280,4
DA:281,1
DA:284,3
DA:285,3
DA:286,3
DA:287,12
DA:289,3
DA:301,149
DA:302,149
DA:304,149
DA:306,584
DA:307,149
DA:309,435
DA:313,149
DA:318,149
DA:319,149
DA:320,149
DA:321,149
DA:333,441
DA:334,441
DA:335,441
DA:337,441
DA:338,869
DA:339,869
DA:341,869
DA:342,869
DA:343,869
DA:345,869
DA:346,869
DA:347,869
DA:348,433
DA:349,433
DA:350,433
DA:351,433
DA:352,433
DA:353,433
DA:354,436
DA:355,9
DA:356,9
DA:357,9
DA:358,9
DA:359,9
DA:360,9
DA:361,427
DA:362,427
DA:363,427
DA:364,427
DA:365,427
DA:366,854
DA:367,854
DA:368,854
DA:370,427
DA:371,427
DA:376,0
DA:379,869
DA:381,869
DA:382,6
DA:383,8
DA:384,8
DA:385,8
DA:389,869
DA:390,869
DA:401,869
DA:417,8
DA:418,8
DA:419,8
DA:431,16
DA:433,16
DA:438,10
DA:441,10
DA:444,10
DA:445,9
DA:446,9
DA:447,9
DA:448,9
DA:452,10
DA:453,6
DA:455,3
DA:456,3
DA:488,4
DA:489,1
DA:492,3
DA:493,3
DA:504,812
DA:516,873
DA:525,53
DA:527,53
DA:536,53
DA:537,53
DA:549,106
DA:552,106
DA:554,106
DA:555,4
DA:557,106
DA:567,53
DA:573,53
DA:583,53
DA:600,53
DA:602,53
DA:612,53
DA:618,53
DA:628,106
DA:630,106
DA:631,8
DA:633,106
DA:643,53
DA:657,53
DA:659,53
DA:660,53
DA:661,53
DA:663,53
DA:665,0
DA:667,53
DA:678,15
DA:679,15
DA:680,15
DA:681,15
DA:682,2
DA:684,13
DA:685,13
DA:686,1
DA:688,12
DA:697,0
DA:699,0
DA:700,0
DA:702,0
DA:712,0
DA:714,0
DA:715,0
DA:717,0
DA:728,15
DA:729,15
DA:734,12
DA:735,12
DA:741,18
DA:742,18
DA:744,18
DA:745,18
DA:746,18
DA:748,14
DA:749,14
DA:751,0
DA:752,0
DA:755,4
DA:756,4
DA:758,0
DA:761,18
DA:763,1
DA:766,18
DA:768,12
DA:781,60
DA:783,54
DA:785,53
DA:790,53
DA:792,53
DA:803,7
DA:804,7
DA:818,4
DA:819,4
DA:831,4
DA:832,4
DA:844,3
DA:845,3
DA:848,3
DA:860,1
DA:861,1
DA:870,15
DA:871,15
DA:880,15
DA:881,15
DA:890,0
DA:891,0
DA:892,0
DA:893,0
DA:896,0
DA:897,0
DA:898,0
DA:904,0
DA:954,1
DA:955,1
DA:956,1
DA:957,1
DA:958,1
DA:959,1
DA:960,1
DA:961,1
DA:962,1
DA:963,1
LF:282
LH:261
BRDA:29,0,0,52
BRDA:29,0,1,8
BRDA:30,1,0,53
BRDA:30,1,1,7
BRDA:31,2,0,60
BRDA:31,2,1,0
BRDA:32,3,0,60
BRDA:32,3,1,0
BRDA:39,4,0,45
BRDA:39,4,1,15
BRDA:40,5,0,45
BRDA:40,5,1,15
BRDA:69,6,0,51
BRDA:69,6,1,9
BRDA:70,7,0,52
BRDA:70,7,1,8
BRDA:71,8,0,54
BRDA:71,8,1,6
BRDA:72,9,0,55
BRDA:72,9,1,5
BRDA:109,10,0,1
BRDA:109,10,1,59
BRDA:113,11,0,2
BRDA:113,11,1,57
BRDA:113,12,0,59
BRDA:113,12,1,58
BRDA:117,13,0,1
BRDA:117,13,1,56
BRDA:121,14,0,1
BRDA:121,14,1,55
BRDA:131,15,0,1
BRDA:131,15,1,103
BRDA:202,16,0,53
BRDA:202,16,1,149
BRDA:205,17,0,136
BRDA:205,17,1,13
BRDA:219,18,0,33
BRDA:219,18,1,116
BRDA:280,19,0,1
BRDA:280,19,1,3
BRDA:306,20,0,149
BRDA:306,20,1,435
BRDA:347,21,0,433
BRDA:347,21,1,436
BRDA:347,22,0,869
BRDA:347,22,1,436
BRDA:354,23,0,9
BRDA:354,23,1,427
BRDA:361,24,0,427
BRDA:361,24,1,0
BRDA:381,25,0,6
BRDA:381,25,1,863
BRDA:401,26,0,869
BRDA:401,26,1,869
BRDA:433,27,0,10
BRDA:433,27,1,6
BRDA:433,28,0,16
BRDA:433,28,1,10
BRDA:444,29,0,9
BRDA:444,29,1,1
BRDA:453,30,0,3
BRDA:453,30,1,3
BRDA:488,31,0,1
BRDA:488,31,1,3
BRDA:681,32,0,2
BRDA:681,32,1,13
BRDA:681,33,0,15
BRDA:681,33,1,14
BRDA:685,34,0,1
BRDA:685,34,1,12
BRDA:685,35,0,13
BRDA:685,35,1,13
BRDA:746,36,0,14
BRDA:746,36,1,0
BRDA:746,36,2,0
BRDA:746,36,3,4
BRDA:746,36,4,0
BRDA:761,37,0,1
BRDA:761,37,1,17
BRDA:954,38,0,1
BRDA:954,38,1,0
BRF:81
BRH:74
end_of_record
